#
# A fatal error has been detected by the Java Runtime Environment:
#
#  EXCEPTION_ACCESS_VIOLATION (0xc0000005) at pc=0x00007ff93f236730, pid=14272, tid=16580
#
# JRE version: OpenJDK Runtime Environment AdoptOpenJDK (11.0.8+10) (build 11.0.8+10)
# Java VM: OpenJDK 64-Bit Server VM AdoptOpenJDK (11.0.8+10, mixed mode, tiered, compressed oops, g1 gc, windows-amd64)
# Problematic frame:
# C  [glass.dll+0x26730]
#
# No core dump will be written. Minidumps are not enabled by default on client versions of Windows
#
# If you would like to submit a bug report, please visit:
#   https://github.com/AdoptOpenJDK/openjdk-support/issues
#

---------------  S U M M A R Y ------------

Command Line: -agentlib:jdwp=transport=dt_socket,address=127.0.0.1:56588,suspend=y,server=n --module-path=D:\Programma's\javafx-sdk-11.0.2\lib --add-modules=javafx.controls --add-modules=javafx.base,javafx.graphics --add-reads=javafx.base=ALL-UNNAMED --add-reads=javafx.graphics=ALL-UNNAMED -javaagent:C:\Users\sbrij\AppData\Local\JetBrains\IntelliJIdea2020.2\captureAgent\debugger-agent.jar -Dfile.encoding=UTF-8 nl.inholland.GuitarShop_UI.App

Host: Intel(R) Core(TM) i7-9750H CPU @ 2.60GHz, 12 cores, 15G,  Windows 10 , 64 bit Build 18362 (10.0.18362.1110)
Time: Thu Oct 22 21:06:50 2020 West-Europa (zomertijd) elapsed time: 44 seconds (0d 0h 0m 44s)

---------------  T H R E A D  ---------------

Current thread (0x0000012d24394000):  VMThread "VM Thread" [stack: 0x00000017e1f00000,0x00000017e2000000] [id=16580]

Stack: [0x00000017e1f00000,0x00000017e2000000],  sp=0x00000017e1ffea80,  free space=1018k
Native frames: (J=compiled Java code, j=interpreted, Vv=VM code, C=native code)
C  [glass.dll+0x26730]


siginfo: EXCEPTION_ACCESS_VIOLATION (0xc0000005), reading address 0x0000000000000000


Register to memory mapping:

RIP=0x00007ff93f236730 glass.dll
RAX=0x0 is NULL
RBX=0x0000012d24c51de0 is a global jni handle
RCX=0x0000012d24394000 points into unknown readable memory: 38 3a 93 07 f9 7f 00 00
RDX=0x00000017e1ffea80 points into unknown readable memory: 00 00 00 00 00 00 00 00
RSP=0x00000017e1ffea80 points into unknown readable memory: 00 00 00 00 00 00 00 00
RBP=0x0000012d26d273b8 points into unknown readable memory: 0a 54 27 c6 48 08 00 00
RSI=0x0000012d26d27390 points into unknown readable memory: 0a 34 fc 4a b4 ec ff 01
RDI=0x00000848c627540a is an unknown value
R8 =0x0000000000010002 is an unknown value
R9 =0x00000848c627540a is an unknown value
R10=0x0000000000008000 is an unknown value
R11=0x00000017e1ffea20 points into unknown readable memory: 90 73 d2 26 2d 01 00 00
R12=0x00007ff93f233be0 glass.dll
R13=0x00000017e2afee70 is pointing into the stack for thread: 0x0000012d2584f000
R14=0x00000017e1ffeb88 points into unknown readable memory: 70 eb ff e1 17 00 00 00
R15=0x0000012d26d27390 points into unknown readable memory: 0a 34 fc 4a b4 ec ff 01


Registers:
RAX=0x0000000000000000, RBX=0x0000012d24c51de0, RCX=0x0000012d24394000, RDX=0x00000017e1ffea80
RSP=0x00000017e1ffea80, RBP=0x0000012d26d273b8, RSI=0x0000012d26d27390, RDI=0x00000848c627540a
R8 =0x0000000000010002, R9 =0x00000848c627540a, R10=0x0000000000008000, R11=0x00000017e1ffea20
R12=0x00007ff93f233be0, R13=0x00000017e2afee70, R14=0x00000017e1ffeb88, R15=0x0000012d26d27390
RIP=0x00007ff93f236730, EFLAGS=0x0000000000010206

Top of Stack: (sp=0x00000017e1ffea80)
0x00000017e1ffea80:   0000000000000000 00007ff968a914cb
0x00000017e1ffea90:   0000012d26d273a0 0000012d26d27390
0x00000017e1ffeaa0:   fffffffffffffffe 00007ff93f24a1a0
0x00000017e1ffeab0:   0000012d26d27398 00007ff968a99d26
0x00000017e1ffeac0:   0000012d26d273a0 0000012d00000000
0x00000017e1ffead0:   0000000000000000 00007ff968a99f66
0x00000017e1ffeae0:   fffffffffffffffe 0000000000000000
0x00000017e1ffeaf0:   0000000000000001 00007ff93f210000
0x00000017e1ffeb00:   00000017e1ffeb78 00007ff968a99c4b
0x00000017e1ffeb10:   0000000000000000 00000017e1ffeb88
0x00000017e1ffeb20:   00000017e1ffee40 00007ff968b6bc20
0x00000017e1ffeb30:   0000000000000001 00007ff968a99c04
0x00000017e1ffeb40:   0000000000000000 0000000000000001
0x00000017e1ffeb50:   0000000000000001 00000017e1ffeb78
0x00000017e1ffeb60:   0000000000000000 00007ff93f233a60
0x00000017e1ffeb70:   00007ff93f24d100 0000001700000002 

Instructions: (pc=0x00007ff93f236730)
0x00007ff93f236630:   8b 4d 60 e8 d8 c9 ff ff 48 8b 55 68 48 8b 8d 08
0x00007ff93f236640:   01 00 00 e8 a9 be ff ff 33 d2 33 c9 e8 a9 de ff
0x00007ff93f236650:   ff 90 cc cc cc cc cc cc cc cc cc cc cc cc cc cc
0x00007ff93f236660:   48 8d 8a 80 00 00 00 e9 14 ea fe ff 48 89 54 24
0x00007ff93f236670:   10 55 48 83 ec 20 48 8b ea 48 8d 05 1d cb ff ff
0x00007ff93f236680:   48 83 c4 20 5d c3 cc 40 55 48 8b ea 48 8b 01 33
0x00007ff93f236690:   c9 81 38 05 00 00 c0 0f 94 c1 8b c1 5d c3 cc 40
0x00007ff93f2366a0:   55 48 83 ec 20 48 8b ea 8a 4d 40 48 83 c4 20 5d
0x00007ff93f2366b0:   e9 23 ce ff ff cc 40 55 48 83 ec 20 48 8b ea e8
0x00007ff93f2366c0:   3c cc ff ff 8a 4d 38 48 83 c4 20 5d e9 07 ce ff
0x00007ff93f2366d0:   ff cc 40 55 48 83 ec 30 48 8b ea 48 8b 01 8b 10
0x00007ff93f2366e0:   48 89 4c 24 28 89 54 24 20 4c 8d 0d d0 d1 ff ff
0x00007ff93f2366f0:   4c 8b 45 70 8b 55 68 48 8b 4d 60 e8 70 cb ff ff
0x00007ff93f236700:   90 48 83 c4 30 5d c3 cc cc cc cc cc cc cc cc cc
0x00007ff93f236710:   40 53 48 83 ec 30 48 c7 44 24 20 fe ff ff ff 48
0x00007ff93f236720:   8b 1d ea 63 01 00 48 85 db 74 16 e8 90 86 ff ff
0x00007ff93f236730:   4c 8b 00 48 8b d3 48 8b c8 41 ff 90 b0 00 00 00
0x00007ff93f236740:   90 48 83 c4 30 5b c3 cc cc cc cc cc cc cc cc cc
0x00007ff93f236750:   40 53 48 83 ec 20 48 8b 1d 4b 65 01 00 48 85 db
0x00007ff93f236760:   74 57 b8 ff ff ff ff f0 0f c1 43 10 83 f8 01 75
0x00007ff93f236770:   3d 48 85 db 74 38 48 8b 0b 48 85 c9 74 0d ff 15
0x00007ff93f236780:   24 0b 00 00 48 c7 03 00 00 00 00 48 8b 4b 08 48
0x00007ff93f236790:   85 c9 74 0d e8 77 c8 ff ff 48 c7 43 08 00 00 00
0x00007ff93f2367a0:   00 ba 18 00 00 00 48 8b cb e8 62 c8 ff ff 48 c7
0x00007ff93f2367b0:   05 ef 64 01 00 00 00 00 00 48 83 c4 20 5b c3 cc
0x00007ff93f2367c0:   40 53 48 83 ec 20 48 8b 1d bb 64 01 00 48 85 db
0x00007ff93f2367d0:   74 57 b8 ff ff ff ff f0 0f c1 43 10 83 f8 01 75
0x00007ff93f2367e0:   3d 48 85 db 74 38 48 8b 0b 48 85 c9 74 0d ff 15
0x00007ff93f2367f0:   b4 0a 00 00 48 c7 03 00 00 00 00 48 8b 4b 08 48
0x00007ff93f236800:   85 c9 74 0d e8 07 c8 ff ff 48 c7 43 08 00 00 00
0x00007ff93f236810:   00 ba 18 00 00 00 48 8b cb e8 f2 c7 ff ff 48 c7
0x00007ff93f236820:   05 5f 64 01 00 00 00 00 00 48 83 c4 20 5b c3 cc 


Stack slot to memory mapping:
stack at sp + 0 slots: 0x0 is NULL
stack at sp + 1 slots: 0x00007ff968a914cb ucrtbase.dll
stack at sp + 2 slots: 0x0000012d26d273a0 points into unknown readable memory: 0a 54 27 c6 48 08 00 00
stack at sp + 3 slots: 0x0000012d26d27390 points into unknown readable memory: 0a 34 fc 4a b4 ec ff 01
stack at sp + 4 slots: 0xfffffffffffffffe is an unknown value
stack at sp + 5 slots: 0x00007ff93f24a1a0 glass.dll
stack at sp + 6 slots: 0x0000012d26d27398 points into unknown readable memory: 0a 54 27 c6 48 08 00 00
stack at sp + 7 slots: 0x00007ff968a99d26 ucrtbase.dll

VM_Operation (0x00000017e2afee70): Exit, mode: safepoint, requested by thread 0x0000012d2584f000


---------------  P R O C E S S  ---------------

Threads class SMR info:
_java_thread_list=0x0000012d25b915b0, length=19, elements={
0x0000012d7fb41800, 0x0000012d24c42000, 0x0000012d24c43000, 0x0000012d24c96800,
0x0000012d24c97000, 0x0000012d24c98000, 0x0000012d24c9a800, 0x0000012d24c9e800,
0x0000012d24c20800, 0x0000012d25638000, 0x0000012d259cb000, 0x0000012d268dc800,
0x0000012d25870800, 0x0000012d26cda000, 0x0000012d24e3b800, 0x0000012d25b9e000,
0x0000012d2750d000, 0x0000012d31031800, 0x0000012d2584f000
}

Java Threads: ( => current thread )
  0x0000012d7fb41800 JavaThread "main" [_thread_blocked, id=1520, stack(0x00000017e1900000,0x00000017e1a00000)]
  0x0000012d24c42000 JavaThread "Reference Handler" daemon [_thread_blocked, id=7412, stack(0x00000017e2000000,0x00000017e2100000)]
  0x0000012d24c43000 JavaThread "Finalizer" daemon [_thread_blocked, id=4988, stack(0x00000017e2100000,0x00000017e2200000)]
  0x0000012d24c96800 JavaThread "Signal Dispatcher" daemon [_thread_blocked, id=15684, stack(0x00000017e2200000,0x00000017e2300000)]
  0x0000012d24c97000 JavaThread "Attach Listener" daemon [_thread_blocked, id=8728, stack(0x00000017e2300000,0x00000017e2400000)]
  0x0000012d24c98000 JavaThread "C2 CompilerThread0" daemon [_thread_blocked, id=17328, stack(0x00000017e2400000,0x00000017e2500000)]
  0x0000012d24c9a800 JavaThread "C1 CompilerThread0" daemon [_thread_blocked, id=16636, stack(0x00000017e2500000,0x00000017e2600000)]
  0x0000012d24c9e800 JavaThread "Sweeper thread" daemon [_thread_blocked, id=12384, stack(0x00000017e2600000,0x00000017e2700000)]
  0x0000012d24c20800 JavaThread "Common-Cleaner" daemon [_thread_blocked, id=4072, stack(0x00000017e2700000,0x00000017e2800000)]
  0x0000012d25638000 JavaThread "JDWP Event Helper Thread" daemon [_thread_blocked, id=11888, stack(0x00000017e2b00000,0x00000017e2c00000)]
  0x0000012d259cb000 JavaThread "Service Thread" daemon [_thread_blocked, id=4776, stack(0x00000017e2d00000,0x00000017e2e00000)]
  0x0000012d268dc800 JavaThread "QuantumRenderer-0" daemon [_thread_blocked, id=17304, stack(0x00000017e2f00000,0x00000017e3000000)]
  0x0000012d25870800 JavaThread "InvokeLaterDispatcher" daemon [_thread_blocked, id=18140, stack(0x00000017e3100000,0x00000017e3200000)]
  0x0000012d26cda000 JavaThread "JavaFX Application Thread" [_thread_in_native, id=9860, stack(0x00000017e3200000,0x00000017e3300000)]
  0x0000012d24e3b800 JavaThread "JavaFX-Launcher" [_thread_blocked, id=11896, stack(0x00000017e2900000,0x00000017e2a00000)]
  0x0000012d25b9e000 JavaThread "Thread-2" daemon [_thread_in_native, id=5048, stack(0x00000017e2800000,0x00000017e2900000)]
  0x0000012d2750d000 JavaThread "Prism Font Disposer" daemon [_thread_blocked, id=2152, stack(0x00000017e3f00000,0x00000017e4000000)]
  0x0000012d31031800 JavaThread "Cleaner-0" daemon [_thread_blocked, id=4356, stack(0x00000017e4200000,0x00000017e4300000)]
  0x0000012d2584f000 JavaThread "SIGINT handler" daemon [_thread_blocked, id=4364, stack(0x00000017e2a00000,0x00000017e2b00000)]

Other Threads:
=>0x0000012d24394000 VMThread "VM Thread" [stack: 0x00000017e1f00000,0x00000017e2000000] [id=16580]
  0x0000012d7fb5a000 GCTaskThread "GC Thread#0" [stack: 0x00000017e1a00000,0x00000017e1b00000] [id=7204]
  0x0000012d25ba5000 GCTaskThread "GC Thread#1" [stack: 0x00000017e3500000,0x00000017e3600000] [id=504]
  0x0000012d25ba6000 GCTaskThread "GC Thread#2" [stack: 0x00000017e3600000,0x00000017e3700000] [id=13828]
  0x0000012d25ba6800 GCTaskThread "GC Thread#3" [stack: 0x00000017e3700000,0x00000017e3800000] [id=3564]
  0x0000012d25ba7800 GCTaskThread "GC Thread#4" [stack: 0x00000017e3800000,0x00000017e3900000] [id=17684]
  0x0000012d25bc7000 GCTaskThread "GC Thread#5" [stack: 0x00000017e3900000,0x00000017e3a00000] [id=7900]
  0x0000012d7fbb9800 ConcurrentGCThread "G1 Main Marker" [stack: 0x00000017e1b00000,0x00000017e1c00000] [id=8760]
  0x0000012d7fbba800 ConcurrentGCThread "G1 Conc#0" [stack: 0x00000017e1c00000,0x00000017e1d00000] [id=15924]
  0x0000012d2742d800 ConcurrentGCThread "G1 Conc#1" [stack: 0x00000017e4000000,0x00000017e4100000] [id=8992]
  0x0000012d27429800 ConcurrentGCThread "G1 Conc#2" [stack: 0x00000017e4100000,0x00000017e4200000] [id=4808]
  0x0000012d2427b800 ConcurrentGCThread "G1 Refine#0" [stack: 0x00000017e1d00000,0x00000017e1e00000] [id=1772]
  0x0000012d2427c800 ConcurrentGCThread "G1 Young RemSet Sampling" [stack: 0x00000017e1e00000,0x00000017e1f00000] [id=16976]

Threads with active compile tasks:

VM state:at safepoint (shutting down)

VM Mutex/Monitor currently owned by a thread:  ([mutex/lock_event])
[0x0000012d7fb3db20] Threads_lock - owner thread: 0x0000012d24394000

Heap address: 0x0000000702400000, size: 4060 MB, Compressed Oops mode: Zero based, Oop shift amount: 3
Narrow klass base: 0x0000000800000000, Narrow klass shift: 0
Compressed class space size: 1073741824 Address: 0x0000000800000000

Heap:
 garbage-first heap   total 260096K, used 47198K [0x0000000702400000, 0x0000000800000000)
  region size 1024K, 41 young (41984K), 7 survivors (7168K)
 Metaspace       used 27052K, capacity 28186K, committed 28544K, reserved 1073152K
  class space    used 3380K, capacity 3863K, committed 3968K, reserved 1048576K
Heap Regions: E=young(eden), S=young(survivor), O=old, HS=humongous(starts), HC=humongous(continues), CS=collection set, F=free, A=archive, TAMS=top-at-mark-start (previous, next)
|   0|0x0000000702400000, 0x0000000702500000, 0x0000000702500000|100%| O|  |TAMS 0x000000070246a800, 0x0000000702400000| Untracked 
|   1|0x0000000702500000, 0x0000000702500000, 0x0000000702600000|  0%| F|  |TAMS 0x0000000702500000, 0x0000000702500000| Untracked 
|   2|0x0000000702600000, 0x0000000702600000, 0x0000000702700000|  0%| F|  |TAMS 0x0000000702600000, 0x0000000702600000| Untracked 
|   3|0x0000000702700000, 0x0000000702800000, 0x0000000702800000|100%|HS|  |TAMS 0x0000000702700000, 0x0000000702700000| Complete 
|   4|0x0000000702800000, 0x0000000702900000, 0x0000000702900000|100%|HS|  |TAMS 0x0000000702800000, 0x0000000702800000| Complete 
|   5|0x0000000702900000, 0x0000000702a00000, 0x0000000702a00000|100%|HC|  |TAMS 0x0000000702900000, 0x0000000702900000| Complete 
|   6|0x0000000702a00000, 0x0000000702b00000, 0x0000000702b00000|100%| O|  |TAMS 0x0000000702a00000, 0x0000000702a00000| Untracked 
|   7|0x0000000702b00000, 0x0000000702c00000, 0x0000000702c00000|100%| O|  |TAMS 0x0000000702b00000, 0x0000000702b00000| Untracked 
|   8|0x0000000702c00000, 0x0000000702c40e00, 0x0000000702d00000| 25%| O|  |TAMS 0x0000000702c00000, 0x0000000702c00000| Untracked 
|   9|0x0000000702d00000, 0x0000000702d00000, 0x0000000702e00000|  0%| F|  |TAMS 0x0000000702d00000, 0x0000000702d00000| Untracked 
|  10|0x0000000702e00000, 0x0000000702e00000, 0x0000000702f00000|  0%| F|  |TAMS 0x0000000702e00000, 0x0000000702e00000| Untracked 
|  11|0x0000000702f00000, 0x0000000702f00000, 0x0000000703000000|  0%| F|  |TAMS 0x0000000702f00000, 0x0000000702f00000| Untracked 
|  12|0x0000000703000000, 0x0000000703000000, 0x0000000703100000|  0%| F|  |TAMS 0x0000000703000000, 0x0000000703000000| Untracked 
|  13|0x0000000703100000, 0x0000000703100000, 0x0000000703200000|  0%| F|  |TAMS 0x0000000703100000, 0x0000000703100000| Untracked 
|  14|0x0000000703200000, 0x0000000703200000, 0x0000000703300000|  0%| F|  |TAMS 0x0000000703200000, 0x0000000703200000| Untracked 
|  15|0x0000000703300000, 0x0000000703300000, 0x0000000703400000|  0%| F|  |TAMS 0x0000000703300000, 0x0000000703300000| Untracked 
|  16|0x0000000703400000, 0x0000000703400000, 0x0000000703500000|  0%| F|  |TAMS 0x0000000703400000, 0x0000000703400000| Untracked 
|  17|0x0000000703500000, 0x0000000703500000, 0x0000000703600000|  0%| F|  |TAMS 0x0000000703500000, 0x0000000703500000| Untracked 
|  18|0x0000000703600000, 0x0000000703600000, 0x0000000703700000|  0%| F|  |TAMS 0x0000000703600000, 0x0000000703600000| Untracked 
|  19|0x0000000703700000, 0x0000000703700000, 0x0000000703800000|  0%| F|  |TAMS 0x0000000703700000, 0x0000000703700000| Untracked 
|  20|0x0000000703800000, 0x0000000703800000, 0x0000000703900000|  0%| F|  |TAMS 0x0000000703800000, 0x0000000703800000| Untracked 
|  21|0x0000000703900000, 0x0000000703900000, 0x0000000703a00000|  0%| F|  |TAMS 0x0000000703900000, 0x0000000703900000| Untracked 
|  22|0x0000000703a00000, 0x0000000703a00000, 0x0000000703b00000|  0%| F|  |TAMS 0x0000000703a00000, 0x0000000703a00000| Untracked 
|  23|0x0000000703b00000, 0x0000000703b00000, 0x0000000703c00000|  0%| F|  |TAMS 0x0000000703b00000, 0x0000000703b00000| Untracked 
|  24|0x0000000703c00000, 0x0000000703c00000, 0x0000000703d00000|  0%| F|  |TAMS 0x0000000703c00000, 0x0000000703c00000| Untracked 
|  25|0x0000000703d00000, 0x0000000703d00000, 0x0000000703e00000|  0%| F|  |TAMS 0x0000000703d00000, 0x0000000703d00000| Untracked 
|  26|0x0000000703e00000, 0x0000000703e00000, 0x0000000703f00000|  0%| F|  |TAMS 0x0000000703e00000, 0x0000000703e00000| Untracked 
|  27|0x0000000703f00000, 0x0000000703f00000, 0x0000000704000000|  0%| F|  |TAMS 0x0000000703f00000, 0x0000000703f00000| Untracked 
|  28|0x0000000704000000, 0x0000000704000000, 0x0000000704100000|  0%| F|  |TAMS 0x0000000704000000, 0x0000000704000000| Untracked 
|  29|0x0000000704100000, 0x0000000704100000, 0x0000000704200000|  0%| F|  |TAMS 0x0000000704100000, 0x0000000704100000| Untracked 
|  30|0x0000000704200000, 0x0000000704200000, 0x0000000704300000|  0%| F|  |TAMS 0x0000000704200000, 0x0000000704200000| Untracked 
|  31|0x0000000704300000, 0x0000000704300000, 0x0000000704400000|  0%| F|  |TAMS 0x0000000704300000, 0x0000000704300000| Untracked 
|  32|0x0000000704400000, 0x0000000704400000, 0x0000000704500000|  0%| F|  |TAMS 0x0000000704400000, 0x0000000704400000| Untracked 
|  33|0x0000000704500000, 0x0000000704500000, 0x0000000704600000|  0%| F|  |TAMS 0x0000000704500000, 0x0000000704500000| Untracked 
|  34|0x0000000704600000, 0x0000000704600000, 0x0000000704700000|  0%| F|  |TAMS 0x0000000704600000, 0x0000000704600000| Untracked 
|  35|0x0000000704700000, 0x0000000704700000, 0x0000000704800000|  0%| F|  |TAMS 0x0000000704700000, 0x0000000704700000| Untracked 
|  36|0x0000000704800000, 0x0000000704800000, 0x0000000704900000|  0%| F|  |TAMS 0x0000000704800000, 0x0000000704800000| Untracked 
|  37|0x0000000704900000, 0x0000000704900000, 0x0000000704a00000|  0%| F|  |TAMS 0x0000000704900000, 0x0000000704900000| Untracked 
|  38|0x0000000704a00000, 0x0000000704a00000, 0x0000000704b00000|  0%| F|  |TAMS 0x0000000704a00000, 0x0000000704a00000| Untracked 
|  39|0x0000000704b00000, 0x0000000704b00000, 0x0000000704c00000|  0%| F|  |TAMS 0x0000000704b00000, 0x0000000704b00000| Untracked 
|  40|0x0000000704c00000, 0x0000000704c00000, 0x0000000704d00000|  0%| F|  |TAMS 0x0000000704c00000, 0x0000000704c00000| Untracked 
|  41|0x0000000704d00000, 0x0000000704d00000, 0x0000000704e00000|  0%| F|  |TAMS 0x0000000704d00000, 0x0000000704d00000| Untracked 
|  42|0x0000000704e00000, 0x0000000704e00000, 0x0000000704f00000|  0%| F|  |TAMS 0x0000000704e00000, 0x0000000704e00000| Untracked 
|  43|0x0000000704f00000, 0x0000000704f00000, 0x0000000705000000|  0%| F|  |TAMS 0x0000000704f00000, 0x0000000704f00000| Untracked 
|  44|0x0000000705000000, 0x0000000705000000, 0x0000000705100000|  0%| F|  |TAMS 0x0000000705000000, 0x0000000705000000| Untracked 
|  45|0x0000000705100000, 0x0000000705100000, 0x0000000705200000|  0%| F|  |TAMS 0x0000000705100000, 0x0000000705100000| Untracked 
|  46|0x0000000705200000, 0x0000000705200000, 0x0000000705300000|  0%| F|  |TAMS 0x0000000705200000, 0x0000000705200000| Untracked 
|  47|0x0000000705300000, 0x0000000705300000, 0x0000000705400000|  0%| F|  |TAMS 0x0000000705300000, 0x0000000705300000| Untracked 
|  48|0x0000000705400000, 0x0000000705400000, 0x0000000705500000|  0%| F|  |TAMS 0x0000000705400000, 0x0000000705400000| Untracked 
|  49|0x0000000705500000, 0x0000000705500000, 0x0000000705600000|  0%| F|  |TAMS 0x0000000705500000, 0x0000000705500000| Untracked 
|  50|0x0000000705600000, 0x0000000705600000, 0x0000000705700000|  0%| F|  |TAMS 0x0000000705600000, 0x0000000705600000| Untracked 
|  51|0x0000000705700000, 0x0000000705700000, 0x0000000705800000|  0%| F|  |TAMS 0x0000000705700000, 0x0000000705700000| Untracked 
|  52|0x0000000705800000, 0x0000000705800000, 0x0000000705900000|  0%| F|  |TAMS 0x0000000705800000, 0x0000000705800000| Untracked 
|  53|0x0000000705900000, 0x0000000705900000, 0x0000000705a00000|  0%| F|  |TAMS 0x0000000705900000, 0x0000000705900000| Untracked 
|  54|0x0000000705a00000, 0x0000000705a00000, 0x0000000705b00000|  0%| F|  |TAMS 0x0000000705a00000, 0x0000000705a00000| Untracked 
|  55|0x0000000705b00000, 0x0000000705b00000, 0x0000000705c00000|  0%| F|  |TAMS 0x0000000705b00000, 0x0000000705b00000| Untracked 
|  56|0x0000000705c00000, 0x0000000705c00000, 0x0000000705d00000|  0%| F|  |TAMS 0x0000000705c00000, 0x0000000705c00000| Untracked 
|  57|0x0000000705d00000, 0x0000000705d00000, 0x0000000705e00000|  0%| F|  |TAMS 0x0000000705d00000, 0x0000000705d00000| Untracked 
|  58|0x0000000705e00000, 0x0000000705e00000, 0x0000000705f00000|  0%| F|  |TAMS 0x0000000705e00000, 0x0000000705e00000| Untracked 
|  59|0x0000000705f00000, 0x0000000705f00000, 0x0000000706000000|  0%| F|  |TAMS 0x0000000705f00000, 0x0000000705f00000| Untracked 
|  60|0x0000000706000000, 0x0000000706000000, 0x0000000706100000|  0%| F|  |TAMS 0x0000000706000000, 0x0000000706000000| Untracked 
|  61|0x0000000706100000, 0x0000000706100000, 0x0000000706200000|  0%| F|  |TAMS 0x0000000706100000, 0x0000000706100000| Untracked 
|  62|0x0000000706200000, 0x0000000706200000, 0x0000000706300000|  0%| F|  |TAMS 0x0000000706200000, 0x0000000706200000| Untracked 
|  63|0x0000000706300000, 0x0000000706300000, 0x0000000706400000|  0%| F|  |TAMS 0x0000000706300000, 0x0000000706300000| Untracked 
|  64|0x0000000706400000, 0x0000000706400000, 0x0000000706500000|  0%| F|  |TAMS 0x0000000706400000, 0x0000000706400000| Untracked 
|  65|0x0000000706500000, 0x0000000706500000, 0x0000000706600000|  0%| F|  |TAMS 0x0000000706500000, 0x0000000706500000| Untracked 
|  66|0x0000000706600000, 0x0000000706600000, 0x0000000706700000|  0%| F|  |TAMS 0x0000000706600000, 0x0000000706600000| Untracked 
|  67|0x0000000706700000, 0x0000000706700000, 0x0000000706800000|  0%| F|  |TAMS 0x0000000706700000, 0x0000000706700000| Untracked 
|  68|0x0000000706800000, 0x0000000706800000, 0x0000000706900000|  0%| F|  |TAMS 0x0000000706800000, 0x0000000706800000| Untracked 
|  69|0x0000000706900000, 0x0000000706900000, 0x0000000706a00000|  0%| F|  |TAMS 0x0000000706900000, 0x0000000706900000| Untracked 
|  70|0x0000000706a00000, 0x0000000706a00000, 0x0000000706b00000|  0%| F|  |TAMS 0x0000000706a00000, 0x0000000706a00000| Untracked 
|  71|0x0000000706b00000, 0x0000000706b00000, 0x0000000706c00000|  0%| F|  |TAMS 0x0000000706b00000, 0x0000000706b00000| Untracked 
|  72|0x0000000706c00000, 0x0000000706c00000, 0x0000000706d00000|  0%| F|  |TAMS 0x0000000706c00000, 0x0000000706c00000| Untracked 
|  73|0x0000000706d00000, 0x0000000706d00000, 0x0000000706e00000|  0%| F|  |TAMS 0x0000000706d00000, 0x0000000706d00000| Untracked 
|  74|0x0000000706e00000, 0x0000000706e00000, 0x0000000706f00000|  0%| F|  |TAMS 0x0000000706e00000, 0x0000000706e00000| Untracked 
|  75|0x0000000706f00000, 0x0000000706f00000, 0x0000000707000000|  0%| F|  |TAMS 0x0000000706f00000, 0x0000000706f00000| Untracked 
|  76|0x0000000707000000, 0x0000000707000000, 0x0000000707100000|  0%| F|  |TAMS 0x0000000707000000, 0x0000000707000000| Untracked 
|  77|0x0000000707100000, 0x0000000707100000, 0x0000000707200000|  0%| F|  |TAMS 0x0000000707100000, 0x0000000707100000| Untracked 
|  78|0x0000000707200000, 0x0000000707200000, 0x0000000707300000|  0%| F|  |TAMS 0x0000000707200000, 0x0000000707200000| Untracked 
|  79|0x0000000707300000, 0x0000000707300000, 0x0000000707400000|  0%| F|  |TAMS 0x0000000707300000, 0x0000000707300000| Untracked 
|  80|0x0000000707400000, 0x0000000707400000, 0x0000000707500000|  0%| F|  |TAMS 0x0000000707400000, 0x0000000707400000| Untracked 
|  81|0x0000000707500000, 0x0000000707500000, 0x0000000707600000|  0%| F|  |TAMS 0x0000000707500000, 0x0000000707500000| Untracked 
|  82|0x0000000707600000, 0x0000000707600000, 0x0000000707700000|  0%| F|  |TAMS 0x0000000707600000, 0x0000000707600000| Untracked 
|  83|0x0000000707700000, 0x0000000707700000, 0x0000000707800000|  0%| F|  |TAMS 0x0000000707700000, 0x0000000707700000| Untracked 
|  84|0x0000000707800000, 0x0000000707800000, 0x0000000707900000|  0%| F|  |TAMS 0x0000000707800000, 0x0000000707800000| Untracked 
|  85|0x0000000707900000, 0x0000000707900000, 0x0000000707a00000|  0%| F|  |TAMS 0x0000000707900000, 0x0000000707900000| Untracked 
|  86|0x0000000707a00000, 0x0000000707a00000, 0x0000000707b00000|  0%| F|  |TAMS 0x0000000707a00000, 0x0000000707a00000| Untracked 
|  87|0x0000000707b00000, 0x0000000707b00000, 0x0000000707c00000|  0%| F|  |TAMS 0x0000000707b00000, 0x0000000707b00000| Untracked 
|  88|0x0000000707c00000, 0x0000000707c00000, 0x0000000707d00000|  0%| F|  |TAMS 0x0000000707c00000, 0x0000000707c00000| Untracked 
|  89|0x0000000707d00000, 0x0000000707d00000, 0x0000000707e00000|  0%| F|  |TAMS 0x0000000707d00000, 0x0000000707d00000| Untracked 
|  90|0x0000000707e00000, 0x0000000707e00000, 0x0000000707f00000|  0%| F|  |TAMS 0x0000000707e00000, 0x0000000707e00000| Untracked 
|  91|0x0000000707f00000, 0x0000000707f00000, 0x0000000708000000|  0%| F|  |TAMS 0x0000000707f00000, 0x0000000707f00000| Untracked 
|  92|0x0000000708000000, 0x0000000708000000, 0x0000000708100000|  0%| F|  |TAMS 0x0000000708000000, 0x0000000708000000| Untracked 
|  93|0x0000000708100000, 0x0000000708100000, 0x0000000708200000|  0%| F|  |TAMS 0x0000000708100000, 0x0000000708100000| Untracked 
|  94|0x0000000708200000, 0x0000000708200000, 0x0000000708300000|  0%| F|  |TAMS 0x0000000708200000, 0x0000000708200000| Untracked 
|  95|0x0000000708300000, 0x0000000708300000, 0x0000000708400000|  0%| F|  |TAMS 0x0000000708300000, 0x0000000708300000| Untracked 
|  96|0x0000000708400000, 0x0000000708400000, 0x0000000708500000|  0%| F|  |TAMS 0x0000000708400000, 0x0000000708400000| Untracked 
|  97|0x0000000708500000, 0x0000000708500000, 0x0000000708600000|  0%| F|  |TAMS 0x0000000708500000, 0x0000000708500000| Untracked 
|  98|0x0000000708600000, 0x0000000708600000, 0x0000000708700000|  0%| F|  |TAMS 0x0000000708600000, 0x0000000708600000| Untracked 
|  99|0x0000000708700000, 0x0000000708700000, 0x0000000708800000|  0%| F|  |TAMS 0x0000000708700000, 0x0000000708700000| Untracked 
| 100|0x0000000708800000, 0x0000000708800000, 0x0000000708900000|  0%| F|  |TAMS 0x0000000708800000, 0x0000000708800000| Untracked 
| 101|0x0000000708900000, 0x0000000708900000, 0x0000000708a00000|  0%| F|  |TAMS 0x0000000708900000, 0x0000000708900000| Untracked 
| 102|0x0000000708a00000, 0x0000000708a00000, 0x0000000708b00000|  0%| F|  |TAMS 0x0000000708a00000, 0x0000000708a00000| Untracked 
| 103|0x0000000708b00000, 0x0000000708b00000, 0x0000000708c00000|  0%| F|  |TAMS 0x0000000708b00000, 0x0000000708b00000| Untracked 
| 104|0x0000000708c00000, 0x0000000708c00000, 0x0000000708d00000|  0%| F|  |TAMS 0x0000000708c00000, 0x0000000708c00000| Untracked 
| 105|0x0000000708d00000, 0x0000000708d00000, 0x0000000708e00000|  0%| F|  |TAMS 0x0000000708d00000, 0x0000000708d00000| Untracked 
| 106|0x0000000708e00000, 0x0000000708e00000, 0x0000000708f00000|  0%| F|  |TAMS 0x0000000708e00000, 0x0000000708e00000| Untracked 
| 107|0x0000000708f00000, 0x0000000708f00000, 0x0000000709000000|  0%| F|  |TAMS 0x0000000708f00000, 0x0000000708f00000| Untracked 
| 108|0x0000000709000000, 0x0000000709000000, 0x0000000709100000|  0%| F|  |TAMS 0x0000000709000000, 0x0000000709000000| Untracked 
| 109|0x0000000709100000, 0x0000000709100000, 0x0000000709200000|  0%| F|  |TAMS 0x0000000709100000, 0x0000000709100000| Untracked 
| 110|0x0000000709200000, 0x0000000709200000, 0x0000000709300000|  0%| F|  |TAMS 0x0000000709200000, 0x0000000709200000| Untracked 
| 111|0x0000000709300000, 0x0000000709300000, 0x0000000709400000|  0%| F|  |TAMS 0x0000000709300000, 0x0000000709300000| Untracked 
| 112|0x0000000709400000, 0x0000000709400000, 0x0000000709500000|  0%| F|  |TAMS 0x0000000709400000, 0x0000000709400000| Untracked 
| 113|0x0000000709500000, 0x0000000709500000, 0x0000000709600000|  0%| F|  |TAMS 0x0000000709500000, 0x0000000709500000| Untracked 
| 114|0x0000000709600000, 0x0000000709600000, 0x0000000709700000|  0%| F|  |TAMS 0x0000000709600000, 0x0000000709600000| Untracked 
| 115|0x0000000709700000, 0x0000000709700000, 0x0000000709800000|  0%| F|  |TAMS 0x0000000709700000, 0x0000000709700000| Untracked 
| 116|0x0000000709800000, 0x0000000709800000, 0x0000000709900000|  0%| F|  |TAMS 0x0000000709800000, 0x0000000709800000| Untracked 
| 117|0x0000000709900000, 0x0000000709900000, 0x0000000709a00000|  0%| F|  |TAMS 0x0000000709900000, 0x0000000709900000| Untracked 
| 118|0x0000000709a00000, 0x0000000709a00000, 0x0000000709b00000|  0%| F|  |TAMS 0x0000000709a00000, 0x0000000709a00000| Untracked 
| 119|0x0000000709b00000, 0x0000000709b00000, 0x0000000709c00000|  0%| F|  |TAMS 0x0000000709b00000, 0x0000000709b00000| Untracked 
| 120|0x0000000709c00000, 0x0000000709c00000, 0x0000000709d00000|  0%| F|  |TAMS 0x0000000709c00000, 0x0000000709c00000| Untracked 
| 121|0x0000000709d00000, 0x0000000709d00000, 0x0000000709e00000|  0%| F|  |TAMS 0x0000000709d00000, 0x0000000709d00000| Untracked 
| 122|0x0000000709e00000, 0x0000000709e00000, 0x0000000709f00000|  0%| F|  |TAMS 0x0000000709e00000, 0x0000000709e00000| Untracked 
| 123|0x0000000709f00000, 0x0000000709f00000, 0x000000070a000000|  0%| F|  |TAMS 0x0000000709f00000, 0x0000000709f00000| Untracked 
| 124|0x000000070a000000, 0x000000070a000000, 0x000000070a100000|  0%| F|  |TAMS 0x000000070a000000, 0x000000070a000000| Untracked 
| 125|0x000000070a100000, 0x000000070a100000, 0x000000070a200000|  0%| F|  |TAMS 0x000000070a100000, 0x000000070a100000| Untracked 
| 126|0x000000070a200000, 0x000000070a200000, 0x000000070a300000|  0%| F|  |TAMS 0x000000070a200000, 0x000000070a200000| Untracked 
| 127|0x000000070a300000, 0x000000070a300000, 0x000000070a400000|  0%| F|  |TAMS 0x000000070a300000, 0x000000070a300000| Untracked 
| 128|0x000000070a400000, 0x000000070a400000, 0x000000070a500000|  0%| F|  |TAMS 0x000000070a400000, 0x000000070a400000| Untracked 
| 129|0x000000070a500000, 0x000000070a500000, 0x000000070a600000|  0%| F|  |TAMS 0x000000070a500000, 0x000000070a500000| Untracked 
| 130|0x000000070a600000, 0x000000070a600000, 0x000000070a700000|  0%| F|  |TAMS 0x000000070a600000, 0x000000070a600000| Untracked 
| 131|0x000000070a700000, 0x000000070a700000, 0x000000070a800000|  0%| F|  |TAMS 0x000000070a700000, 0x000000070a700000| Untracked 
| 132|0x000000070a800000, 0x000000070a800000, 0x000000070a900000|  0%| F|  |TAMS 0x000000070a800000, 0x000000070a800000| Untracked 
| 133|0x000000070a900000, 0x000000070a900000, 0x000000070aa00000|  0%| F|  |TAMS 0x000000070a900000, 0x000000070a900000| Untracked 
| 134|0x000000070aa00000, 0x000000070aa00000, 0x000000070ab00000|  0%| F|  |TAMS 0x000000070aa00000, 0x000000070aa00000| Untracked 
| 135|0x000000070ab00000, 0x000000070ab00000, 0x000000070ac00000|  0%| F|  |TAMS 0x000000070ab00000, 0x000000070ab00000| Untracked 
| 136|0x000000070ac00000, 0x000000070ac00000, 0x000000070ad00000|  0%| F|  |TAMS 0x000000070ac00000, 0x000000070ac00000| Untracked 
| 137|0x000000070ad00000, 0x000000070ad00000, 0x000000070ae00000|  0%| F|  |TAMS 0x000000070ad00000, 0x000000070ad00000| Untracked 
| 138|0x000000070ae00000, 0x000000070ae00000, 0x000000070af00000|  0%| F|  |TAMS 0x000000070ae00000, 0x000000070ae00000| Untracked 
| 139|0x000000070af00000, 0x000000070af00000, 0x000000070b000000|  0%| F|  |TAMS 0x000000070af00000, 0x000000070af00000| Untracked 
| 140|0x000000070b000000, 0x000000070b000000, 0x000000070b100000|  0%| F|  |TAMS 0x000000070b000000, 0x000000070b000000| Untracked 
| 141|0x000000070b100000, 0x000000070b100000, 0x000000070b200000|  0%| F|  |TAMS 0x000000070b100000, 0x000000070b100000| Untracked 
| 142|0x000000070b200000, 0x000000070b200000, 0x000000070b300000|  0%| F|  |TAMS 0x000000070b200000, 0x000000070b200000| Untracked 
| 143|0x000000070b300000, 0x000000070b300000, 0x000000070b400000|  0%| F|  |TAMS 0x000000070b300000, 0x000000070b300000| Untracked 
| 144|0x000000070b400000, 0x000000070b400000, 0x000000070b500000|  0%| F|  |TAMS 0x000000070b400000, 0x000000070b400000| Untracked 
| 145|0x000000070b500000, 0x000000070b500000, 0x000000070b600000|  0%| F|  |TAMS 0x000000070b500000, 0x000000070b500000| Untracked 
| 146|0x000000070b600000, 0x000000070b600000, 0x000000070b700000|  0%| F|  |TAMS 0x000000070b600000, 0x000000070b600000| Untracked 
| 147|0x000000070b700000, 0x000000070b700000, 0x000000070b800000|  0%| F|  |TAMS 0x000000070b700000, 0x000000070b700000| Untracked 
| 148|0x000000070b800000, 0x000000070b800000, 0x000000070b900000|  0%| F|  |TAMS 0x000000070b800000, 0x000000070b800000| Untracked 
| 149|0x000000070b900000, 0x000000070b900000, 0x000000070ba00000|  0%| F|  |TAMS 0x000000070b900000, 0x000000070b900000| Untracked 
| 150|0x000000070ba00000, 0x000000070ba00000, 0x000000070bb00000|  0%| F|  |TAMS 0x000000070ba00000, 0x000000070ba00000| Untracked 
| 151|0x000000070bb00000, 0x000000070bb00000, 0x000000070bc00000|  0%| F|  |TAMS 0x000000070bb00000, 0x000000070bb00000| Untracked 
| 152|0x000000070bc00000, 0x000000070bc00000, 0x000000070bd00000|  0%| F|  |TAMS 0x000000070bc00000, 0x000000070bc00000| Untracked 
| 153|0x000000070bd00000, 0x000000070bd00000, 0x000000070be00000|  0%| F|  |TAMS 0x000000070bd00000, 0x000000070bd00000| Untracked 
| 154|0x000000070be00000, 0x000000070be00000, 0x000000070bf00000|  0%| F|  |TAMS 0x000000070be00000, 0x000000070be00000| Untracked 
| 155|0x000000070bf00000, 0x000000070bf00000, 0x000000070c000000|  0%| F|  |TAMS 0x000000070bf00000, 0x000000070bf00000| Untracked 
| 156|0x000000070c000000, 0x000000070c000000, 0x000000070c100000|  0%| F|  |TAMS 0x000000070c000000, 0x000000070c000000| Untracked 
| 157|0x000000070c100000, 0x000000070c100000, 0x000000070c200000|  0%| F|  |TAMS 0x000000070c100000, 0x000000070c100000| Untracked 
| 158|0x000000070c200000, 0x000000070c200000, 0x000000070c300000|  0%| F|  |TAMS 0x000000070c200000, 0x000000070c200000| Untracked 
| 159|0x000000070c300000, 0x000000070c300000, 0x000000070c400000|  0%| F|  |TAMS 0x000000070c300000, 0x000000070c300000| Untracked 
| 160|0x000000070c400000, 0x000000070c400000, 0x000000070c500000|  0%| F|  |TAMS 0x000000070c400000, 0x000000070c400000| Untracked 
| 161|0x000000070c500000, 0x000000070c500000, 0x000000070c600000|  0%| F|  |TAMS 0x000000070c500000, 0x000000070c500000| Untracked 
| 162|0x000000070c600000, 0x000000070c600000, 0x000000070c700000|  0%| F|  |TAMS 0x000000070c600000, 0x000000070c600000| Untracked 
| 163|0x000000070c700000, 0x000000070c700000, 0x000000070c800000|  0%| F|  |TAMS 0x000000070c700000, 0x000000070c700000| Untracked 
| 164|0x000000070c800000, 0x000000070c800000, 0x000000070c900000|  0%| F|  |TAMS 0x000000070c800000, 0x000000070c800000| Untracked 
| 165|0x000000070c900000, 0x000000070c900000, 0x000000070ca00000|  0%| F|  |TAMS 0x000000070c900000, 0x000000070c900000| Untracked 
| 166|0x000000070ca00000, 0x000000070ca00000, 0x000000070cb00000|  0%| F|  |TAMS 0x000000070ca00000, 0x000000070ca00000| Untracked 
| 167|0x000000070cb00000, 0x000000070cb00000, 0x000000070cc00000|  0%| F|  |TAMS 0x000000070cb00000, 0x000000070cb00000| Untracked 
| 168|0x000000070cc00000, 0x000000070cc00000, 0x000000070cd00000|  0%| F|  |TAMS 0x000000070cc00000, 0x000000070cc00000| Untracked 
| 169|0x000000070cd00000, 0x000000070cd00000, 0x000000070ce00000|  0%| F|  |TAMS 0x000000070cd00000, 0x000000070cd00000| Untracked 
| 170|0x000000070ce00000, 0x000000070ce00000, 0x000000070cf00000|  0%| F|  |TAMS 0x000000070ce00000, 0x000000070ce00000| Untracked 
| 171|0x000000070cf00000, 0x000000070cf00000, 0x000000070d000000|  0%| F|  |TAMS 0x000000070cf00000, 0x000000070cf00000| Untracked 
| 172|0x000000070d000000, 0x000000070d000000, 0x000000070d100000|  0%| F|  |TAMS 0x000000070d000000, 0x000000070d000000| Untracked 
| 173|0x000000070d100000, 0x000000070d100000, 0x000000070d200000|  0%| F|  |TAMS 0x000000070d100000, 0x000000070d100000| Untracked 
| 174|0x000000070d200000, 0x000000070d200000, 0x000000070d300000|  0%| F|  |TAMS 0x000000070d200000, 0x000000070d200000| Untracked 
| 175|0x000000070d300000, 0x000000070d300000, 0x000000070d400000|  0%| F|  |TAMS 0x000000070d300000, 0x000000070d300000| Untracked 
| 176|0x000000070d400000, 0x000000070d400000, 0x000000070d500000|  0%| F|  |TAMS 0x000000070d400000, 0x000000070d400000| Untracked 
| 177|0x000000070d500000, 0x000000070d500000, 0x000000070d600000|  0%| F|  |TAMS 0x000000070d500000, 0x000000070d500000| Untracked 
| 178|0x000000070d600000, 0x000000070d600000, 0x000000070d700000|  0%| F|  |TAMS 0x000000070d600000, 0x000000070d600000| Untracked 
| 179|0x000000070d700000, 0x000000070d700000, 0x000000070d800000|  0%| F|  |TAMS 0x000000070d700000, 0x000000070d700000| Untracked 
| 180|0x000000070d800000, 0x000000070d800000, 0x000000070d900000|  0%| F|  |TAMS 0x000000070d800000, 0x000000070d800000| Untracked 
| 181|0x000000070d900000, 0x000000070d900000, 0x000000070da00000|  0%| F|  |TAMS 0x000000070d900000, 0x000000070d900000| Untracked 
| 182|0x000000070da00000, 0x000000070da00000, 0x000000070db00000|  0%| F|  |TAMS 0x000000070da00000, 0x000000070da00000| Untracked 
| 183|0x000000070db00000, 0x000000070db00000, 0x000000070dc00000|  0%| F|  |TAMS 0x000000070db00000, 0x000000070db00000| Untracked 
| 184|0x000000070dc00000, 0x000000070dc00000, 0x000000070dd00000|  0%| F|  |TAMS 0x000000070dc00000, 0x000000070dc00000| Untracked 
| 185|0x000000070dd00000, 0x000000070dd00000, 0x000000070de00000|  0%| F|  |TAMS 0x000000070dd00000, 0x000000070dd00000| Untracked 
| 186|0x000000070de00000, 0x000000070de00000, 0x000000070df00000|  0%| F|  |TAMS 0x000000070de00000, 0x000000070de00000| Untracked 
| 187|0x000000070df00000, 0x000000070df00000, 0x000000070e000000|  0%| F|  |TAMS 0x000000070df00000, 0x000000070df00000| Untracked 
| 188|0x000000070e000000, 0x000000070e000000, 0x000000070e100000|  0%| F|  |TAMS 0x000000070e000000, 0x000000070e000000| Untracked 
| 189|0x000000070e100000, 0x000000070e100000, 0x000000070e200000|  0%| F|  |TAMS 0x000000070e100000, 0x000000070e100000| Untracked 
| 190|0x000000070e200000, 0x000000070e200000, 0x000000070e300000|  0%| F|  |TAMS 0x000000070e200000, 0x000000070e200000| Untracked 
| 191|0x000000070e300000, 0x000000070e300000, 0x000000070e400000|  0%| F|  |TAMS 0x000000070e300000, 0x000000070e300000| Untracked 
| 192|0x000000070e400000, 0x000000070e400000, 0x000000070e500000|  0%| F|  |TAMS 0x000000070e400000, 0x000000070e400000| Untracked 
| 193|0x000000070e500000, 0x000000070e500000, 0x000000070e600000|  0%| F|  |TAMS 0x000000070e500000, 0x000000070e500000| Untracked 
| 194|0x000000070e600000, 0x000000070e600000, 0x000000070e700000|  0%| F|  |TAMS 0x000000070e600000, 0x000000070e600000| Untracked 
| 195|0x000000070e700000, 0x000000070e700000, 0x000000070e800000|  0%| F|  |TAMS 0x000000070e700000, 0x000000070e700000| Untracked 
| 196|0x000000070e800000, 0x000000070e800000, 0x000000070e900000|  0%| F|  |TAMS 0x000000070e800000, 0x000000070e800000| Untracked 
| 197|0x000000070e900000, 0x000000070e9d6d10, 0x000000070ea00000| 83%| S|CS|TAMS 0x000000070e900000, 0x000000070e900000| Complete 
| 198|0x000000070ea00000, 0x000000070eb00000, 0x000000070eb00000|100%| S|CS|TAMS 0x000000070ea00000, 0x000000070ea00000| Complete 
| 199|0x000000070eb00000, 0x000000070ec00000, 0x000000070ec00000|100%| S|CS|TAMS 0x000000070eb00000, 0x000000070eb00000| Complete 
| 200|0x000000070ec00000, 0x000000070ed00000, 0x000000070ed00000|100%| S|CS|TAMS 0x000000070ec00000, 0x000000070ec00000| Complete 
| 201|0x000000070ed00000, 0x000000070ee00000, 0x000000070ee00000|100%| S|CS|TAMS 0x000000070ed00000, 0x000000070ed00000| Complete 
| 202|0x000000070ee00000, 0x000000070ef00000, 0x000000070ef00000|100%| S|CS|TAMS 0x000000070ee00000, 0x000000070ee00000| Complete 
| 203|0x000000070ef00000, 0x000000070f000000, 0x000000070f000000|100%| S|CS|TAMS 0x000000070ef00000, 0x000000070ef00000| Complete 
| 204|0x000000070f000000, 0x000000070f000000, 0x000000070f100000|  0%| F|  |TAMS 0x000000070f000000, 0x000000070f000000| Untracked 
| 205|0x000000070f100000, 0x000000070f100000, 0x000000070f200000|  0%| F|  |TAMS 0x000000070f100000, 0x000000070f100000| Untracked 
| 206|0x000000070f200000, 0x000000070f200000, 0x000000070f300000|  0%| F|  |TAMS 0x000000070f200000, 0x000000070f200000| Untracked 
| 207|0x000000070f300000, 0x000000070f300000, 0x000000070f400000|  0%| F|  |TAMS 0x000000070f300000, 0x000000070f300000| Untracked 
| 208|0x000000070f400000, 0x000000070f400000, 0x000000070f500000|  0%| F|  |TAMS 0x000000070f400000, 0x000000070f400000| Untracked 
| 209|0x000000070f500000, 0x000000070f500000, 0x000000070f600000|  0%| F|  |TAMS 0x000000070f500000, 0x000000070f500000| Untracked 
| 210|0x000000070f600000, 0x000000070f600000, 0x000000070f700000|  0%| F|  |TAMS 0x000000070f600000, 0x000000070f600000| Untracked 
| 211|0x000000070f700000, 0x000000070f700000, 0x000000070f800000|  0%| F|  |TAMS 0x000000070f700000, 0x000000070f700000| Untracked 
| 212|0x000000070f800000, 0x000000070f800000, 0x000000070f900000|  0%| F|  |TAMS 0x000000070f800000, 0x000000070f800000| Untracked 
| 213|0x000000070f900000, 0x000000070f900000, 0x000000070fa00000|  0%| F|  |TAMS 0x000000070f900000, 0x000000070f900000| Untracked 
| 214|0x000000070fa00000, 0x000000070fa00000, 0x000000070fb00000|  0%| F|  |TAMS 0x000000070fa00000, 0x000000070fa00000| Untracked 
| 215|0x000000070fb00000, 0x000000070fb00000, 0x000000070fc00000|  0%| F|  |TAMS 0x000000070fb00000, 0x000000070fb00000| Untracked 
| 216|0x000000070fc00000, 0x000000070fc00000, 0x000000070fd00000|  0%| F|  |TAMS 0x000000070fc00000, 0x000000070fc00000| Untracked 
| 217|0x000000070fd00000, 0x000000070fd00000, 0x000000070fe00000|  0%| F|  |TAMS 0x000000070fd00000, 0x000000070fd00000| Untracked 
| 218|0x000000070fe00000, 0x000000070fe00000, 0x000000070ff00000|  0%| F|  |TAMS 0x000000070fe00000, 0x000000070fe00000| Untracked 
| 219|0x000000070ff00000, 0x000000070ff00000, 0x0000000710000000|  0%| F|  |TAMS 0x000000070ff00000, 0x000000070ff00000| Untracked 
| 220|0x0000000710000000, 0x000000071003ecc8, 0x0000000710100000| 24%| E|  |TAMS 0x0000000710000000, 0x0000000710000000| Complete 
| 221|0x0000000710100000, 0x0000000710200000, 0x0000000710200000|100%| E|CS|TAMS 0x0000000710100000, 0x0000000710100000| Complete 
| 222|0x0000000710200000, 0x0000000710300000, 0x0000000710300000|100%| E|CS|TAMS 0x0000000710200000, 0x0000000710200000| Complete 
| 223|0x0000000710300000, 0x0000000710400000, 0x0000000710400000|100%| E|CS|TAMS 0x0000000710300000, 0x0000000710300000| Complete 
| 224|0x0000000710400000, 0x0000000710500000, 0x0000000710500000|100%| E|CS|TAMS 0x0000000710400000, 0x0000000710400000| Complete 
| 225|0x0000000710500000, 0x0000000710600000, 0x0000000710600000|100%| E|CS|TAMS 0x0000000710500000, 0x0000000710500000| Complete 
| 226|0x0000000710600000, 0x0000000710700000, 0x0000000710700000|100%| E|CS|TAMS 0x0000000710600000, 0x0000000710600000| Complete 
| 227|0x0000000710700000, 0x0000000710800000, 0x0000000710800000|100%| E|CS|TAMS 0x0000000710700000, 0x0000000710700000| Complete 
| 228|0x0000000710800000, 0x0000000710900000, 0x0000000710900000|100%| E|CS|TAMS 0x0000000710800000, 0x0000000710800000| Complete 
| 229|0x0000000710900000, 0x0000000710a00000, 0x0000000710a00000|100%| E|CS|TAMS 0x0000000710900000, 0x0000000710900000| Complete 
| 230|0x0000000710a00000, 0x0000000710b00000, 0x0000000710b00000|100%| E|CS|TAMS 0x0000000710a00000, 0x0000000710a00000| Complete 
| 231|0x0000000710b00000, 0x0000000710c00000, 0x0000000710c00000|100%| E|CS|TAMS 0x0000000710b00000, 0x0000000710b00000| Complete 
| 232|0x0000000710c00000, 0x0000000710d00000, 0x0000000710d00000|100%| E|CS|TAMS 0x0000000710c00000, 0x0000000710c00000| Complete 
| 233|0x0000000710d00000, 0x0000000710e00000, 0x0000000710e00000|100%| E|CS|TAMS 0x0000000710d00000, 0x0000000710d00000| Complete 
| 234|0x0000000710e00000, 0x0000000710f00000, 0x0000000710f00000|100%| E|CS|TAMS 0x0000000710e00000, 0x0000000710e00000| Complete 
| 235|0x0000000710f00000, 0x0000000711000000, 0x0000000711000000|100%| E|CS|TAMS 0x0000000710f00000, 0x0000000710f00000| Complete 
| 236|0x0000000711000000, 0x0000000711100000, 0x0000000711100000|100%| E|CS|TAMS 0x0000000711000000, 0x0000000711000000| Complete 
| 237|0x0000000711100000, 0x0000000711200000, 0x0000000711200000|100%| E|CS|TAMS 0x0000000711100000, 0x0000000711100000| Complete 
| 238|0x0000000711200000, 0x0000000711300000, 0x0000000711300000|100%| E|CS|TAMS 0x0000000711200000, 0x0000000711200000| Complete 
| 239|0x0000000711300000, 0x0000000711400000, 0x0000000711400000|100%| E|CS|TAMS 0x0000000711300000, 0x0000000711300000| Complete 
| 240|0x0000000711400000, 0x0000000711500000, 0x0000000711500000|100%| E|CS|TAMS 0x0000000711400000, 0x0000000711400000| Complete 
| 241|0x0000000711500000, 0x0000000711600000, 0x0000000711600000|100%| E|CS|TAMS 0x0000000711500000, 0x0000000711500000| Complete 
| 242|0x0000000711600000, 0x0000000711700000, 0x0000000711700000|100%| E|CS|TAMS 0x0000000711600000, 0x0000000711600000| Complete 
| 243|0x0000000711700000, 0x0000000711800000, 0x0000000711800000|100%| E|CS|TAMS 0x0000000711700000, 0x0000000711700000| Complete 
| 244|0x0000000711800000, 0x0000000711900000, 0x0000000711900000|100%| E|CS|TAMS 0x0000000711800000, 0x0000000711800000| Complete 
| 245|0x0000000711900000, 0x0000000711a00000, 0x0000000711a00000|100%| E|CS|TAMS 0x0000000711900000, 0x0000000711900000| Complete 
| 246|0x0000000711a00000, 0x0000000711b00000, 0x0000000711b00000|100%| E|CS|TAMS 0x0000000711a00000, 0x0000000711a00000| Complete 
| 247|0x0000000711b00000, 0x0000000711c00000, 0x0000000711c00000|100%| E|CS|TAMS 0x0000000711b00000, 0x0000000711b00000| Complete 
| 248|0x0000000711c00000, 0x0000000711d00000, 0x0000000711d00000|100%| E|CS|TAMS 0x0000000711c00000, 0x0000000711c00000| Complete 
| 249|0x0000000711d00000, 0x0000000711e00000, 0x0000000711e00000|100%| E|CS|TAMS 0x0000000711d00000, 0x0000000711d00000| Complete 
| 250|0x0000000711e00000, 0x0000000711f00000, 0x0000000711f00000|100%| E|CS|TAMS 0x0000000711e00000, 0x0000000711e00000| Complete 
| 251|0x0000000711f00000, 0x0000000712000000, 0x0000000712000000|100%| E|CS|TAMS 0x0000000711f00000, 0x0000000711f00000| Complete 
| 252|0x0000000712000000, 0x0000000712100000, 0x0000000712100000|100%| E|CS|TAMS 0x0000000712000000, 0x0000000712000000| Complete 
| 253|0x0000000712100000, 0x0000000712200000, 0x0000000712200000|100%| E|CS|TAMS 0x0000000712100000, 0x0000000712100000| Complete 

Card table byte_map: [0x0000012d18730000,0x0000012d18f20000] _byte_map_base: 0x0000012d14f1e000

Marking Bits (Prev, Next): (CMBitMap*) 0x0000012d7fba5a10, (CMBitMap*) 0x0000012d7fba59d8
 Prev Bits: [0x0000012d1d680000, 0x0000012d215f0000)
 Next Bits: [0x0000012d19710000, 0x0000012d1d680000)

Polling page: 0x0000012d7dfe0000

Metaspace:

Usage:
  Non-class:     23.75 MB capacity,    23.12 MB ( 97%) used,   518.82 KB (  2%) free+waste,   132.13 KB ( <1%) overhead. 
      Class:      3.77 MB capacity,     3.30 MB ( 87%) used,   419.10 KB ( 11%) free+waste,    63.81 KB (  2%) overhead. 
       Both:     27.53 MB capacity,    26.42 MB ( 96%) used,   937.92 KB (  3%) free+waste,   195.94 KB ( <1%) overhead. 

Virtual space:
  Non-class space:       24.00 MB reserved,      24.00 MB (100%) committed 
      Class space:        1.00 GB reserved,       3.88 MB ( <1%) committed 
             Both:        1.02 GB reserved,      27.88 MB (  3%) committed 

Chunk freelists:
   Non-Class:  0 bytes
       Class:  9.00 KB
        Both:  9.00 KB

MaxMetaspaceSize: 17179869184.00 GB
CompressedClassSpaceSize: 1.00 GB

CodeHeap 'non-profiled nmethods': size=120000Kb used=3293Kb max_used=3293Kb free=116706Kb
 bounds [0x0000012d10060000, 0x0000012d103a0000, 0x0000012d17590000]
CodeHeap 'profiled nmethods': size=120000Kb used=11278Kb max_used=11278Kb free=108721Kb
 bounds [0x0000012d08b30000, 0x0000012d09640000, 0x0000012d10060000]
CodeHeap 'non-nmethods': size=5760Kb used=1438Kb max_used=1526Kb free=4322Kb
 bounds [0x0000012d08590000, 0x0000012d08800000, 0x0000012d08b30000]
 total_blobs=5848 nmethods=5062 adapters=702
 compilation: enabled
              stopped_count=0, restarted_count=0
 full_count=0

Compilation events (20 events):
Event: 32.262 Thread 0x0000012d24c9a800 5059       3       javafx.scene.shape.Rectangle::access$300 (5 bytes)
Event: 32.262 Thread 0x0000012d24c9a800 nmethod 5059 0x0000012d0962c990 code [0x0000012d0962cb40, 0x0000012d0962cc68]
Event: 32.262 Thread 0x0000012d24c9a800 5060       3       javafx.scene.shape.Rectangle::doConfigShape (92 bytes)
Event: 32.267 Thread 0x0000012d24c9a800 nmethod 5060 0x0000012d0962cd90 code [0x0000012d0962d160, 0x0000012d0962f718]
Event: 32.267 Thread 0x0000012d24c9a800 5061       3       com.sun.javafx.geom.RoundRectangle2D::contains (189 bytes)
Event: 32.268 Thread 0x0000012d24c9a800 nmethod 5061 0x0000012d09630090 code [0x0000012d096302c0, 0x0000012d09630bf8]
Event: 32.268 Thread 0x0000012d24c9a800 5063       3       javafx.scene.shape.Shape::computeShapeContains (159 bytes)
Event: 32.273 Thread 0x0000012d24c9a800 nmethod 5063 0x0000012d09630d90 code [0x0000012d09631180, 0x0000012d09632e58]
Event: 32.273 Thread 0x0000012d24c9a800 5062       3       com.sun.javafx.geom.RoundRectangle2D::isEmpty (24 bytes)
Event: 32.273 Thread 0x0000012d24c9a800 nmethod 5062 0x0000012d09633710 code [0x0000012d096338c0, 0x0000012d09633ab8]
Event: 32.315 Thread 0x0000012d24c98000 5064       4       com.sun.javafx.css.BitSet::add (125 bytes)
Event: 32.319 Thread 0x0000012d24c98000 nmethod 5064 0x0000012d10395e10 code [0x0000012d10395fe0, 0x0000012d10396578]
Event: 32.885 Thread 0x0000012d24c9a800 5065       1       com.sun.glass.ui.Screen::getPlatformScaleX (5 bytes)
Event: 32.885 Thread 0x0000012d24c9a800 nmethod 5065 0x0000012d10396910 code [0x0000012d10396ac0, 0x0000012d10396b78]
Event: 32.885 Thread 0x0000012d24c9a800 5066       1       com.sun.glass.ui.Screen::getPlatformScaleY (5 bytes)
Event: 32.885 Thread 0x0000012d24c9a800 nmethod 5066 0x0000012d10396c10 code [0x0000012d10396dc0, 0x0000012d10396e78]
Event: 42.460 Thread 0x0000012d24c98000 5067       4       javafx.scene.Node::parentToLocal (15 bytes)
Event: 42.464 Thread 0x0000012d24c98000 nmethod 5067 0x0000012d10396f10 code [0x0000012d103970c0, 0x0000012d10397208]
Event: 43.260 Thread 0x0000012d24c9a800 5068       1       com.sun.glass.ui.Application::hasWindowManager (2 bytes)
Event: 43.260 Thread 0x0000012d24c9a800 nmethod 5068 0x0000012d10397390 code [0x0000012d10397540, 0x0000012d103975f8]

GC Heap History (6 events):
Event: 0.615 GC heap before
{Heap before GC invocations=0 (full 0):
 garbage-first heap   total 260096K, used 23552K [0x0000000702400000, 0x0000000800000000)
  region size 1024K, 24 young (24576K), 0 survivors (0K)
 Metaspace       used 11308K, capacity 11643K, committed 11904K, reserved 1060864K
  class space    used 1165K, capacity 1292K, committed 1408K, reserved 1048576K
}
Event: 0.619 GC heap after
{Heap after GC invocations=1 (full 0):
 garbage-first heap   total 260096K, used 3498K [0x0000000702400000, 0x0000000800000000)
  region size 1024K, 3 young (3072K), 3 survivors (3072K)
 Metaspace       used 11308K, capacity 11643K, committed 11904K, reserved 1060864K
  class space    used 1165K, capacity 1292K, committed 1408K, reserved 1048576K
}
Event: 1.043 GC heap before
{Heap before GC invocations=1 (full 0):
 garbage-first heap   total 260096K, used 38314K [0x0000000702400000, 0x0000000800000000)
  region size 1024K, 38 young (38912K), 3 survivors (3072K)
 Metaspace       used 20353K, capacity 21109K, committed 21248K, reserved 1067008K
  class space    used 2635K, capacity 2946K, committed 3072K, reserved 1048576K
}
Event: 1.047 GC heap after
{Heap after GC invocations=2 (full 0):
 garbage-first heap   total 260096K, used 5983K [0x0000000702400000, 0x0000000800000000)
  region size 1024K, 6 young (6144K), 6 survivors (6144K)
 Metaspace       used 20353K, capacity 21109K, committed 21248K, reserved 1067008K
  class space    used 2635K, capacity 2946K, committed 3072K, reserved 1048576K
}
Event: 11.867 GC heap before
{Heap before GC invocations=3 (full 0):
 garbage-first heap   total 260096K, used 56159K [0x0000000702400000, 0x0000000800000000)
  region size 1024K, 50 young (51200K), 6 survivors (6144K)
 Metaspace       used 26527K, capacity 27646K, committed 27904K, reserved 1073152K
  class space    used 3367K, capacity 3819K, committed 3840K, reserved 1048576K
}
Event: 11.876 GC heap after
{Heap after GC invocations=4 (full 0):
 garbage-first heap   total 260096K, used 13406K [0x0000000702400000, 0x0000000800000000)
  region size 1024K, 7 young (7168K), 7 survivors (7168K)
 Metaspace       used 26527K, capacity 27646K, committed 27904K, reserved 1073152K
  class space    used 3367K, capacity 3819K, committed 3840K, reserved 1048576K
}

Deoptimization events (20 events):
Event: 18.645 Thread 0x0000012d26cda000 DEOPT PACKING pc=0x0000012d1036b380 sp=0x00000017e32f5100
Event: 18.645 Thread 0x0000012d26cda000 DEOPT UNPACKING pc=0x0000012d085cbe2f sp=0x00000017e32f5130 mode 2
Event: 18.645 Thread 0x0000012d26cda000 Uncommon trap: trap_request=0xffffffbe fr.pc=0x0000012d1036b380 relative=0x0000000000000e60
Event: 18.645 Thread 0x0000012d26cda000 Uncommon trap: reason=profile_predicate action=maybe_recompile pc=0x0000012d1036b380 method=java.util.TimSort.binarySort([Ljava/lang/Object;IIILjava/util/Comparator;)V @ 73 c2
Event: 18.645 Thread 0x0000012d26cda000 DEOPT PACKING pc=0x0000012d1036b380 sp=0x00000017e32f5100
Event: 18.645 Thread 0x0000012d26cda000 DEOPT UNPACKING pc=0x0000012d085cbe2f sp=0x00000017e32f5130 mode 2
Event: 18.654 Thread 0x0000012d26cda000 Uncommon trap: trap_request=0xffffffbe fr.pc=0x0000012d1036b380 relative=0x0000000000000e60
Event: 18.654 Thread 0x0000012d26cda000 Uncommon trap: reason=profile_predicate action=maybe_recompile pc=0x0000012d1036b380 method=java.util.TimSort.binarySort([Ljava/lang/Object;IIILjava/util/Comparator;)V @ 73 c2
Event: 18.654 Thread 0x0000012d26cda000 DEOPT PACKING pc=0x0000012d1036b380 sp=0x00000017e32f79a0
Event: 18.654 Thread 0x0000012d26cda000 DEOPT UNPACKING pc=0x0000012d085cbe2f sp=0x00000017e32f79d0 mode 2
Event: 31.488 Thread 0x0000012d26cda000 Uncommon trap: trap_request=0xffffffc6 fr.pc=0x0000012d102c3ed8 relative=0x0000000000000598
Event: 31.488 Thread 0x0000012d26cda000 Uncommon trap: reason=bimorphic_or_optimized_type_check action=maybe_recompile pc=0x0000012d102c3ed8 method=javafx.scene.Node$LazyBoundsProperty.get()Ljavafx/geometry/Bounds; @ 9 c2
Event: 31.488 Thread 0x0000012d26cda000 DEOPT PACKING pc=0x0000012d102c3ed8 sp=0x00000017e32f3a70
Event: 31.488 Thread 0x0000012d26cda000 DEOPT UNPACKING pc=0x0000012d085cbe2f sp=0x00000017e32f3a18 mode 2
Event: 31.488 Thread 0x0000012d26cda000 Uncommon trap: trap_request=0xffffffc6 fr.pc=0x0000012d102c3ed8 relative=0x0000000000000598
Event: 31.488 Thread 0x0000012d26cda000 Uncommon trap: reason=bimorphic_or_optimized_type_check action=maybe_recompile pc=0x0000012d102c3ed8 method=javafx.scene.Node$LazyBoundsProperty.get()Ljavafx/geometry/Bounds; @ 9 c2
Event: 31.488 Thread 0x0000012d26cda000 DEOPT PACKING pc=0x0000012d102c3ed8 sp=0x00000017e32f3a70
Event: 31.488 Thread 0x0000012d26cda000 DEOPT UNPACKING pc=0x0000012d085cbe2f sp=0x00000017e32f3a18 mode 2
Event: 44.569 Thread 0x0000012d268dc800 DEOPT PACKING pc=0x0000012d09136384 sp=0x00000017e2fff100
Event: 44.569 Thread 0x0000012d268dc800 DEOPT UNPACKING pc=0x0000012d085cbc4e sp=0x00000017e2ffe5c8 mode 1

Classes redefined (0 events):
No events

Internal exceptions (20 events):
Event: 0.690 Thread 0x0000012d26cda000 Exception <a 'java/lang/NoSuchMethodError'{0x0000000711bdc040}: 'java.lang.Object java.lang.invoke.DirectMethodHandle$Holder.invokeStatic(java.lang.Object, java.lang.Object, java.lang.Object, java.lang.Object, int)'> (0x0000000711bdc040) thrown at [./src/hotspot/share/interpreter/linkResolver.cpp, line 773]
Event: 0.734 Thread 0x0000012d26cda000 Exception <a 'java/lang/NoSuchMethodError'{0x00000007116cb4d8}: 'void java.lang.invoke.DirectMethodHandle$Holder.invokeStaticInit(java.lang.Object, java.lang.Object)'> (0x00000007116cb4d8) thrown at [./src/hotspot/share/interpreter/linkResolver.cpp, line 773]
Event: 0.783 Thread 0x0000012d26cda000 Implicit null exception at 0x0000012d100b2178 to 0x0000012d100b220a
Event: 0.878 Thread 0x0000012d26cda000 Exception <a 'java/lang/NoSuchMethodError'{0x0000000710b0d670}: 'java.lang.Object java.lang.invoke.Invokers$Holder.linkToTargetMethod(java.lang.Object, int, java.lang.Object)'> (0x0000000710b0d670) thrown at [./src/hotspot/share/interpreter/linkResolver.cpp, line 773]
Event: 0.887 Thread 0x0000012d26cda000 Exception <a 'java/lang/NoSuchMethodError'{0x0000000710b8f970}: 'java.lang.Object java.lang.invoke.DirectMethodHandle$Holder.invokeInterface(java.lang.Object, java.lang.Object, java.lang.Object)'> (0x0000000710b8f970) thrown at [./src/hotspot/share/interpreter/linkResolver.cpp, line 773]
Event: 0.887 Thread 0x0000012d26cda000 Exception <a 'java/lang/IncompatibleClassChangeError'{0x0000000710b92b28}: Found class java.lang.Object, but interface was expected> (0x0000000710b92b28) thrown at [./src/hotspot/share/interpreter/linkResolver.cpp, line 839]
Event: 0.913 Thread 0x0000012d26cda000 Exception <a 'java/lang/ClassNotFoundException'{0x0000000710513e38}: com/sun/javafx/scene/control/skin/resources/controls> (0x0000000710513e38) thrown at [./src/hotspot/share/prims/jni.cpp, line 636]
Event: 0.913 Thread 0x0000012d26cda000 Exception <a 'java/lang/ClassNotFoundException'{0x0000000710521988}: com/sun/javafx/scene/control/skin/resources/controls_nl> (0x0000000710521988) thrown at [./src/hotspot/share/prims/jni.cpp, line 636]
Event: 0.914 Thread 0x0000012d26cda000 Exception <a 'java/lang/ClassNotFoundException'{0x0000000710524158}: com/sun/javafx/scene/control/skin/resources/controls_nl_NL> (0x0000000710524158) thrown at [./src/hotspot/share/prims/jni.cpp, line 636]
Event: 0.941 Thread 0x0000012d26cda000 Exception <a 'java/lang/NoSuchMethodError'{0x00000007104eb970}: 'void java.lang.invoke.DirectMethodHandle$Holder.invokeSpecial(java.lang.Object, java.lang.Object, java.lang.Object, java.lang.Object, java.lang.Object, java.lang.Object)'> (0x00000007104eb970) thrown at [./src/hotspot/share/interpreter/linkResolver.cpp, line 773]
Event: 1.012 Thread 0x0000012d268dc800 Exception <a 'java/lang/NoSuchMethodError'{0x000000070fe1e500}: 'int java.lang.invoke.DirectMethodHandle$Holder.invokeStaticInit(java.lang.Object, java.lang.Object)'> (0x000000070fe1e500) thrown at [./src/hotspot/share/interpreter/linkResolver.cpp, line 773]
Event: 1.020 Thread 0x0000012d26cda000 Exception <a 'java/lang/NoSuchMethodError'{0x000000070fd11768}: 'long java.lang.invoke.DirectMethodHandle$Holder.invokeStaticInit(java.lang.Object, java.lang.Object, java.lang.Object)'> (0x000000070fd11768) thrown at [./src/hotspot/share/interpreter/linkResolver.cpp, line 773]
Event: 1.022 Thread 0x0000012d26cda000 Exception <a 'java/lang/NoSuchMethodError'{0x000000070fd29db0}: 'java.lang.Object java.lang.invoke.DirectMethodHandle$Holder.invokeStatic(java.lang.Object, java.lang.Object, long)'> (0x000000070fd29db0) thrown at [./src/hotspot/share/interpreter/linkResolver.cpp, line 773]
Event: 1.022 Thread 0x0000012d26cda000 Exception <a 'java/lang/NoSuchMethodError'{0x000000070fd301d0}: 'java.lang.Object java.lang.invoke.Invokers$Holder.linkToTargetMethod(java.lang.Object, long, java.lang.Object)'> (0x000000070fd301d0) thrown at [./src/hotspot/share/interpreter/linkResolver.cpp, line 773]
Event: 3.910 Thread 0x0000012d268dc800 Exception <a 'java/lang/NoSuchMethodError'{0x0000000711505070}: 'java.lang.Object java.lang.invoke.DirectMethodHandle$Holder.invokeStaticInit(java.lang.Object, int)'> (0x0000000711505070) thrown at [./src/hotspot/share/interpreter/linkResolver.cpp, line 773]
Event: 14.842 Thread 0x0000012d26cda000 Implicit null exception at 0x0000012d1023f8d4 to 0x0000012d10240a04
Event: 32.148 Thread 0x0000012d26cda000 Exception <a 'java/lang/NoSuchMethodError'{0x0000000710294cf8}: 'java.lang.Object java.lang.invoke.DirectMethodHandle$Holder.invokeStatic(java.lang.Object, java.lang.Object, int, int, int, int, int, java.lang.Object)'> (0x0000000710294cf8) thrown at [./src/hotspot/share/interpreter/linkResolver.cpp, line 773]
Event: 32.149 Thread 0x0000012d26cda000 Exception <a 'java/lang/NoSuchMethodError'{0x00000007102a5eb8}: 'java.lang.Object java.lang.invoke.DirectMethodHandle$Holder.invokeStatic(java.lang.Object, java.lang.Object, java.lang.Object, int, int, int, int, int)'> (0x00000007102a5eb8) thrown at [./src/hotspot/share/interpreter/linkResolver.cpp, line 773]
Event: 32.149 Thread 0x0000012d26cda000 Exception <a 'java/lang/NoSuchMethodError'{0x00000007102acf20}: 'java.lang.Object java.lang.invoke.Invokers$Holder.linkToTargetMethod(java.lang.Object, java.lang.Object, int, int, int, int, int, java.lang.Object)'> (0x00000007102acf20) thrown at [./src/hotspot/share/interpreter/linkResolver.cpp, line 773]
Event: 44.569 Thread 0x0000012d277fe000 Exception <a 'java/lang/IllegalStateException'{0x0000000710002fb8}> (0x0000000710002fb8) thrown at [./src/hotspot/share/prims/jvm.cpp, line 1301]

Events (20 events):
Event: 44.568 Thread 0x0000012d277fe000 Thread added: 0x0000012d277fe000
Event: 44.568 Executing VM operation: RevokeBias
Event: 44.568 Executing VM operation: RevokeBias done
Event: 44.568 Executing VM operation: RevokeBias
Event: 44.568 Executing coalesced safepoint VM operation: RevokeBias
Event: 44.568 Executing coalesced safepoint VM operation: RevokeBias done
Event: 44.568 Executing VM operation: RevokeBias done
Event: 44.568 Executing VM operation: RevokeBias
Event: 44.569 Executing VM operation: RevokeBias done
Event: 44.569 Executing VM operation: RevokeBias
Event: 44.569 Executing VM operation: RevokeBias done
Event: 44.569 Thread 0x0000012d25890800 Thread exited: 0x0000012d25890800
Event: 44.569 loading class com/sun/javafx/tk/quantum/QuantumRenderer
Event: 44.569 loading class com/sun/javafx/tk/quantum/QuantumRenderer done
Event: 44.569 loading class com/sun/javafx/tk/quantum/QuantumToolkit
Event: 44.569 loading class com/sun/javafx/tk/quantum/QuantumToolkit done
Event: 44.569 loading class java/util/LinkedList$ListItr
Event: 44.569 Thread 0x0000012d277fe000 Thread exited: 0x0000012d277fe000
Event: 44.569 loading class java/util/LinkedList$ListItr done
Event: 44.570 Executing VM operation: Exit


Dynamic libraries:
0x00007ff60e5e0000 - 0x00007ff60e5ed000 	C:\Program Files\AdoptOpenJDK\jdk-11.0.8.10-hotspot\bin\java.exe
0x00007ff96ac60000 - 0x00007ff96ae50000 	C:\WINDOWS\SYSTEM32\ntdll.dll
0x00007ff96a8d0000 - 0x00007ff96a982000 	C:\WINDOWS\System32\KERNEL32.DLL
0x00007ff9687d0000 - 0x00007ff968a75000 	C:\WINDOWS\System32\KERNELBASE.dll
0x00007ff968a80000 - 0x00007ff968b7a000 	C:\WINDOWS\System32\ucrtbase.dll
0x00007ff964000000 - 0x00007ff964017000 	C:\Program Files\AdoptOpenJDK\jdk-11.0.8.10-hotspot\bin\jli.dll
0x00007ff963fe0000 - 0x00007ff963ff5000 	C:\Program Files\AdoptOpenJDK\jdk-11.0.8.10-hotspot\bin\VCRUNTIME140.dll
0x00007ff96a1d0000 - 0x00007ff96a364000 	C:\WINDOWS\System32\USER32.dll
0x00007ff967fa0000 - 0x00007ff967fc1000 	C:\WINDOWS\System32\win32u.dll
0x00007ff96a480000 - 0x00007ff96a4a6000 	C:\WINDOWS\System32\GDI32.dll
0x00007ff94e4a0000 - 0x00007ff94e724000 	C:\WINDOWS\WinSxS\amd64_microsoft.windows.common-controls_6595b64144ccf1df_6.0.18362.1139_none_9e7bf2d3e4605ac6\COMCTL32.dll
0x00007ff967bf0000 - 0x00007ff967d86000 	C:\WINDOWS\System32\gdi32full.dll
0x00007ff969150000 - 0x00007ff9691ee000 	C:\WINDOWS\System32\msvcrt.dll
0x00007ff967d90000 - 0x00007ff967e2e000 	C:\WINDOWS\System32\msvcp_win.dll
0x00007ff969660000 - 0x00007ff969995000 	C:\WINDOWS\System32\combase.dll
0x00007ff96a7b0000 - 0x00007ff96a8d0000 	C:\WINDOWS\System32\RPCRT4.dll
0x00007ff968750000 - 0x00007ff9687d0000 	C:\WINDOWS\System32\bcryptPrimitives.dll
0x00007ff96a370000 - 0x00007ff96a39e000 	C:\WINDOWS\System32\IMM32.DLL
0x00007ff93f5b0000 - 0x00007ff93f64b000 	C:\Program Files\AdoptOpenJDK\jdk-11.0.8.10-hotspot\bin\msvcp140.dll
0x00007ff9070a0000 - 0x00007ff907b5d000 	C:\Program Files\AdoptOpenJDK\jdk-11.0.8.10-hotspot\bin\server\jvm.dll
0x00007ff968f30000 - 0x00007ff968fd3000 	C:\WINDOWS\System32\ADVAPI32.dll
0x00007ff9690b0000 - 0x00007ff969147000 	C:\WINDOWS\System32\sechost.dll
0x00007ff96a9c0000 - 0x00007ff96a9c8000 	C:\WINDOWS\System32\PSAPI.DLL
0x00007ff9657f0000 - 0x00007ff965814000 	C:\WINDOWS\SYSTEM32\WINMM.dll
0x00007ff962650000 - 0x00007ff96265a000 	C:\WINDOWS\SYSTEM32\VERSION.dll
0x00007ff963f90000 - 0x00007ff963f99000 	C:\WINDOWS\SYSTEM32\WSOCK32.dll
0x00007ff96aa80000 - 0x00007ff96aaef000 	C:\WINDOWS\System32\WS2_32.dll
0x00007ff9657c0000 - 0x00007ff9657ed000 	C:\WINDOWS\SYSTEM32\winmmbase.dll
0x00007ff968c60000 - 0x00007ff968caa000 	C:\WINDOWS\System32\cfgmgr32.dll
0x00007ff967b30000 - 0x00007ff967b41000 	C:\WINDOWS\System32\kernel.appcore.dll
0x00007ff963fd0000 - 0x00007ff963fe0000 	C:\Program Files\AdoptOpenJDK\jdk-11.0.8.10-hotspot\bin\verify.dll
0x00007ff966430000 - 0x00007ff966624000 	C:\WINDOWS\SYSTEM32\DBGHELP.DLL
0x00007ff94aba0000 - 0x00007ff94abca000 	C:\WINDOWS\SYSTEM32\dbgcore.DLL
0x00007ff94bbb0000 - 0x00007ff94bbd8000 	C:\Program Files\AdoptOpenJDK\jdk-11.0.8.10-hotspot\bin\java.dll
0x00007ff94bb40000 - 0x00007ff94bb4a000 	C:\Program Files\AdoptOpenJDK\jdk-11.0.8.10-hotspot\bin\jimage.dll
0x00007ff94ddd0000 - 0x00007ff94de08000 	C:\Program Files\AdoptOpenJDK\jdk-11.0.8.10-hotspot\bin\jdwp.dll
0x00007ff94e110000 - 0x00007ff94e11e000 	C:\Program Files\AdoptOpenJDK\jdk-11.0.8.10-hotspot\bin\instrument.dll
0x00007ff942290000 - 0x00007ff9422a7000 	C:\Program Files\AdoptOpenJDK\jdk-11.0.8.10-hotspot\bin\zip.dll
0x00007ff969ae0000 - 0x00007ff96a1c7000 	C:\WINDOWS\System32\SHELL32.dll
0x00007ff96aaf0000 - 0x00007ff96ab99000 	C:\WINDOWS\System32\shcore.dll
0x00007ff967fd0000 - 0x00007ff968750000 	C:\WINDOWS\System32\windows.storage.dll
0x00007ff967b50000 - 0x00007ff967b73000 	C:\WINDOWS\System32\profapi.dll
0x00007ff967b80000 - 0x00007ff967bca000 	C:\WINDOWS\System32\powrprof.dll
0x00007ff967b20000 - 0x00007ff967b30000 	C:\WINDOWS\System32\UMPDC.dll
0x00007ff96a610000 - 0x00007ff96a662000 	C:\WINDOWS\System32\shlwapi.dll
0x00007ff967e30000 - 0x00007ff967e47000 	C:\WINDOWS\System32\cryptsp.dll
0x00007ff93f740000 - 0x00007ff93f759000 	C:\Program Files\AdoptOpenJDK\jdk-11.0.8.10-hotspot\bin\net.dll
0x00007ff95b350000 - 0x00007ff95b440000 	C:\WINDOWS\SYSTEM32\WINHTTP.dll
0x00007ff967370000 - 0x00007ff9673d7000 	C:\WINDOWS\system32\mswsock.dll
0x00007ff93f720000 - 0x00007ff93f732000 	C:\Program Files\AdoptOpenJDK\jdk-11.0.8.10-hotspot\bin\nio.dll
0x00007ff94dec0000 - 0x00007ff94deca000 	C:\Program Files\AdoptOpenJDK\jdk-11.0.8.10-hotspot\bin\dt_socket.dll
0x0000012d27c30000 - 0x0000012d27c33000 	D:\Programma's\javafx-sdk-11.0.2\bin\api-ms-win-core-console-l1-1-0.dll
0x0000012d27c40000 - 0x0000012d27c43000 	D:\Programma's\javafx-sdk-11.0.2\bin\api-ms-win-core-datetime-l1-1-0.dll
0x0000012d27c50000 - 0x0000012d27c53000 	D:\Programma's\javafx-sdk-11.0.2\bin\api-ms-win-core-debug-l1-1-0.dll
0x0000012d27c60000 - 0x0000012d27c63000 	D:\Programma's\javafx-sdk-11.0.2\bin\api-ms-win-core-errorhandling-l1-1-0.dll
0x0000012d27c70000 - 0x0000012d27c74000 	D:\Programma's\javafx-sdk-11.0.2\bin\api-ms-win-core-file-l1-1-0.dll
0x0000012d27c80000 - 0x0000012d27c83000 	D:\Programma's\javafx-sdk-11.0.2\bin\api-ms-win-core-file-l1-2-0.dll
0x0000012d27c90000 - 0x0000012d27c93000 	D:\Programma's\javafx-sdk-11.0.2\bin\api-ms-win-core-file-l2-1-0.dll
0x0000012d27ca0000 - 0x0000012d27ca3000 	D:\Programma's\javafx-sdk-11.0.2\bin\api-ms-win-core-handle-l1-1-0.dll
0x0000012d27cb0000 - 0x0000012d27cb3000 	D:\Programma's\javafx-sdk-11.0.2\bin\api-ms-win-core-heap-l1-1-0.dll
0x0000012d27cc0000 - 0x0000012d27cc3000 	D:\Programma's\javafx-sdk-11.0.2\bin\api-ms-win-core-interlocked-l1-1-0.dll
0x0000012d27cd0000 - 0x0000012d27cd3000 	D:\Programma's\javafx-sdk-11.0.2\bin\api-ms-win-core-libraryloader-l1-1-0.dll
0x0000012d27ce0000 - 0x0000012d27ce3000 	D:\Programma's\javafx-sdk-11.0.2\bin\api-ms-win-core-localization-l1-2-0.dll
0x0000012d27cf0000 - 0x0000012d27cf3000 	D:\Programma's\javafx-sdk-11.0.2\bin\api-ms-win-core-memory-l1-1-0.dll
0x0000012d27d00000 - 0x0000012d27d03000 	D:\Programma's\javafx-sdk-11.0.2\bin\api-ms-win-core-namedpipe-l1-1-0.dll
0x0000012d27d10000 - 0x0000012d27d13000 	D:\Programma's\javafx-sdk-11.0.2\bin\api-ms-win-core-processenvironment-l1-1-0.dll
0x0000012d27d20000 - 0x0000012d27d23000 	D:\Programma's\javafx-sdk-11.0.2\bin\api-ms-win-core-processthreads-l1-1-0.dll
0x0000012d27d30000 - 0x0000012d27d33000 	D:\Programma's\javafx-sdk-11.0.2\bin\api-ms-win-core-processthreads-l1-1-1.dll
0x0000012d27d40000 - 0x0000012d27d43000 	D:\Programma's\javafx-sdk-11.0.2\bin\api-ms-win-core-profile-l1-1-0.dll
0x0000012d27d50000 - 0x0000012d27d53000 	D:\Programma's\javafx-sdk-11.0.2\bin\api-ms-win-core-rtlsupport-l1-1-0.dll
0x0000012d27d60000 - 0x0000012d27d63000 	D:\Programma's\javafx-sdk-11.0.2\bin\api-ms-win-core-string-l1-1-0.dll
0x0000012d27d70000 - 0x0000012d27d73000 	D:\Programma's\javafx-sdk-11.0.2\bin\api-ms-win-core-synch-l1-1-0.dll
0x0000012d27d80000 - 0x0000012d27d83000 	D:\Programma's\javafx-sdk-11.0.2\bin\api-ms-win-core-synch-l1-2-0.dll
0x0000012d27d90000 - 0x0000012d27d93000 	D:\Programma's\javafx-sdk-11.0.2\bin\api-ms-win-core-sysinfo-l1-1-0.dll
0x0000012d27da0000 - 0x0000012d27da3000 	D:\Programma's\javafx-sdk-11.0.2\bin\api-ms-win-core-timezone-l1-1-0.dll
0x0000012d27db0000 - 0x0000012d27db3000 	D:\Programma's\javafx-sdk-11.0.2\bin\api-ms-win-core-util-l1-1-0.dll
0x0000012d27dc0000 - 0x0000012d27dc3000 	D:\Programma's\javafx-sdk-11.0.2\bin\api-ms-win-crt-conio-l1-1-0.dll
0x0000012d27dd0000 - 0x0000012d27dd4000 	D:\Programma's\javafx-sdk-11.0.2\bin\api-ms-win-crt-convert-l1-1-0.dll
0x0000012d27de0000 - 0x0000012d27de3000 	D:\Programma's\javafx-sdk-11.0.2\bin\api-ms-win-crt-environment-l1-1-0.dll
0x0000012d27df0000 - 0x0000012d27df3000 	D:\Programma's\javafx-sdk-11.0.2\bin\api-ms-win-crt-filesystem-l1-1-0.dll
0x0000012d27e00000 - 0x0000012d27e03000 	D:\Programma's\javafx-sdk-11.0.2\bin\api-ms-win-crt-heap-l1-1-0.dll
0x0000012d27e10000 - 0x0000012d27e13000 	D:\Programma's\javafx-sdk-11.0.2\bin\api-ms-win-crt-locale-l1-1-0.dll
0x0000012d27e20000 - 0x0000012d27e25000 	D:\Programma's\javafx-sdk-11.0.2\bin\api-ms-win-crt-math-l1-1-0.dll
0x0000012d27e30000 - 0x0000012d27e35000 	D:\Programma's\javafx-sdk-11.0.2\bin\api-ms-win-crt-multibyte-l1-1-0.dll
0x0000012d27e40000 - 0x0000012d27e50000 	D:\Programma's\javafx-sdk-11.0.2\bin\api-ms-win-crt-private-l1-1-0.dll
0x0000012d27e50000 - 0x0000012d27e53000 	D:\Programma's\javafx-sdk-11.0.2\bin\api-ms-win-crt-process-l1-1-0.dll
0x0000012d27e60000 - 0x0000012d27e64000 	D:\Programma's\javafx-sdk-11.0.2\bin\api-ms-win-crt-runtime-l1-1-0.dll
0x0000012d27e70000 - 0x0000012d27e74000 	D:\Programma's\javafx-sdk-11.0.2\bin\api-ms-win-crt-stdio-l1-1-0.dll
0x0000012d27e80000 - 0x0000012d27e84000 	D:\Programma's\javafx-sdk-11.0.2\bin\api-ms-win-crt-string-l1-1-0.dll
0x0000012d27e90000 - 0x0000012d27e93000 	D:\Programma's\javafx-sdk-11.0.2\bin\api-ms-win-crt-time-l1-1-0.dll
0x0000012d27ea0000 - 0x0000012d27ea3000 	D:\Programma's\javafx-sdk-11.0.2\bin\api-ms-win-crt-utility-l1-1-0.dll
0x00007ff94bc70000 - 0x00007ff94bd6a000 	D:\Programma's\javafx-sdk-11.0.2\bin\ucrtbase.dll
0x00007ff94da90000 - 0x00007ff94daa6000 	D:\Programma's\javafx-sdk-11.0.2\bin\vcruntime140.dll
0x00007ff9415e0000 - 0x00007ff941686000 	D:\Programma's\javafx-sdk-11.0.2\bin\msvcp140.dll
0x00007ff941580000 - 0x00007ff9415d1000 	D:\Programma's\javafx-sdk-11.0.2\bin\concrt140.dll
0x00007ff94d9b0000 - 0x00007ff94d9d3000 	D:\Programma's\javafx-sdk-11.0.2\bin\prism_d3d.dll
0x00007ff9518e0000 - 0x00007ff951aa7000 	C:\WINDOWS\system32\d3d9.dll
0x00007ff965f00000 - 0x00007ff965f2d000 	C:\WINDOWS\SYSTEM32\dwmapi.dll
0x00007ff966770000 - 0x00007ff966790000 	C:\WINDOWS\SYSTEM32\dxcore.dll
0x00007ff965ad0000 - 0x00007ff965b69000 	C:\WINDOWS\system32\uxtheme.dll
0x00007ff95b590000 - 0x00007ff95b6aa000 	C:\WINDOWS\System32\DriverStore\FileRepository\iigd_dch.inf_amd64_d9c21d7d43c1adb3\igdgmm64.dll
0x00007ff967e50000 - 0x00007ff967f99000 	C:\WINDOWS\System32\crypt32.dll
0x00007ff967bd0000 - 0x00007ff967be2000 	C:\WINDOWS\System32\MSASN1.dll
0x00007ff95b2d0000 - 0x00007ff95b2ff000 	C:\WINDOWS\SYSTEM32\cryptnet.dll
0x00007ff967540000 - 0x00007ff96754c000 	C:\WINDOWS\SYSTEM32\cryptbase.dll
0x00007ff968cb0000 - 0x00007ff968d0c000 	C:\WINDOWS\System32\WINTRUST.DLL
0x00007ff96a9a0000 - 0x00007ff96a9bd000 	C:\WINDOWS\System32\imagehlp.dll
0x00007ff966ee0000 - 0x00007ff966f13000 	C:\WINDOWS\system32\rsaenh.dll
0x00007ff968c30000 - 0x00007ff968c56000 	C:\WINDOWS\System32\bcrypt.dll
0x00007ff91b820000 - 0x00007ff91f24d000 	C:\WINDOWS\System32\DriverStore\FileRepository\iigd_dch.inf_amd64_d9c21d7d43c1adb3\igd9dxva64.dll
0x00007ff96a4b0000 - 0x00007ff96a607000 	C:\WINDOWS\System32\OLE32.dll
0x00007ff96a3b0000 - 0x00007ff96a475000 	C:\WINDOWS\System32\OLEAUT32.dll
0x00007ff93f210000 - 0x00007ff93f255000 	D:\Programma's\javafx-sdk-11.0.2\bin\glass.dll
0x00007ff968fe0000 - 0x00007ff9690b0000 	C:\WINDOWS\System32\COMDLG32.dll
0x00007ff96a670000 - 0x00007ff96a7a5000 	C:\WINDOWS\System32\MSCTF.dll
0x00007ff922210000 - 0x00007ff9224b7000 	C:\WINDOWS\system32\nvspcap64.dll
0x00007ff966c70000 - 0x00007ff966ca1000 	C:\WINDOWS\SYSTEM32\ntmarta.dll
0x00007ff966720000 - 0x00007ff966742000 	C:\WINDOWS\SYSTEM32\gpapi.dll
0x00007ff94da70000 - 0x00007ff94da84000 	D:\Programma's\javafx-sdk-11.0.2\bin\javafx_font.dll
0x00007ff951080000 - 0x00007ff95137e000 	C:\WINDOWS\SYSTEM32\dwrite.dll
0x00007ff96a9d0000 - 0x00007ff96aa72000 	C:\WINDOWS\System32\clbcatq.dll
0x00007ff962370000 - 0x00007ff96251f000 	C:\WINDOWS\SYSTEM32\WindowsCodecs.dll
0x00007ff931900000 - 0x00007ff93193a000 	C:\WINDOWS\system32\dataexchange.dll
0x00007ff964de0000 - 0x00007ff96503b000 	C:\WINDOWS\system32\d3d11.dll
0x00007ff965060000 - 0x00007ff96523d000 	C:\WINDOWS\system32\dcomp.dll
0x00007ff966800000 - 0x00007ff9668eb000 	C:\WINDOWS\system32\dxgi.dll
0x00007ff965ba0000 - 0x00007ff965e02000 	C:\WINDOWS\system32\twinapi.appcore.dll
0x00007ff9660c0000 - 0x00007ff9660e9000 	C:\WINDOWS\system32\RMCLIENT.dll

dbghelp: loaded successfully - version: 4.0.5 - missing functions: none
symbol engine: initialized successfully - sym options: 0x614 - pdb path: .;C:\Program Files\AdoptOpenJDK\jdk-11.0.8.10-hotspot\bin;C:\WINDOWS\SYSTEM32;C:\WINDOWS\WinSxS\amd64_microsoft.windows.common-controls_6595b64144ccf1df_6.0.18362.1139_none_9e7bf2d3e4605ac6;C:\Program Files\AdoptOpenJDK\jdk-11.0.8.10-hotspot\bin\server;D:\Programma's\javafx-sdk-11.0.2\bin;C:\WINDOWS\System32\DriverStore\FileRepository\iigd_dch.inf_amd64_d9c21d7d43c1adb3;C:\WINDOWS\System32\DriverStore\FileRepository\nvhm.inf_amd64_29aa1637e8e39f9a;C:\Program Files\Common Files\Microsoft Shared\Ink

VM Arguments:
jvm_args: -agentlib:jdwp=transport=dt_socket,address=127.0.0.1:56588,suspend=y,server=n --module-path=D:\Programma's\javafx-sdk-11.0.2\lib --add-modules=javafx.controls --add-modules=javafx.base,javafx.graphics --add-reads=javafx.base=ALL-UNNAMED --add-reads=javafx.graphics=ALL-UNNAMED -javaagent:C:\Users\sbrij\AppData\Local\JetBrains\IntelliJIdea2020.2\captureAgent\debugger-agent.jar -Dfile.encoding=UTF-8 
java_command: nl.inholland.GuitarShop_UI.App
java_class_path (initial): E:\Informatica Inholland\Leerjaar 2\Periode 1\Java Fundamentals\Project afsluiting\Project\sander-brijer-646235-end-assignment\out\production\sander-brijer-646235-end-assignment;D:\Programma's\javafx-sdk-11.0.2\lib\src.zip;D:\Programma's\javafx-sdk-11.0.2\lib\javafx-swt.jar;D:\Programma's\javafx-sdk-11.0.2\lib\javafx.web.jar;D:\Programma's\javafx-sdk-11.0.2\lib\javafx.base.jar;D:\Programma's\javafx-sdk-11.0.2\lib\javafx.fxml.jar;D:\Programma's\javafx-sdk-11.0.2\lib\javafx.media.jar;D:\Programma's\javafx-sdk-11.0.2\lib\javafx.swing.jar;D:\Programma's\javafx-sdk-11.0.2\lib\javafx.controls.jar;D:\Programma's\javafx-sdk-11.0.2\lib\javafx.graphics.jar;D:\Programma's\IntelliJ IDEA 2020.2.1\lib\idea_rt.jar
Launcher Type: SUN_STANDARD

[Global flags]
     intx CICompilerCount                          = 4                                         {product} {ergonomic}
     uint ConcGCThreads                            = 3                                         {product} {ergonomic}
     uint G1ConcRefinementThreads                  = 10                                        {product} {ergonomic}
   size_t G1HeapRegionSize                         = 1048576                                   {product} {ergonomic}
    uintx GCDrainStackTargetSize                   = 64                                        {product} {ergonomic}
   size_t InitialHeapSize                          = 266338304                                 {product} {ergonomic}
   size_t MarkStackSize                            = 4194304                                   {product} {ergonomic}
   size_t MaxHeapSize                              = 4257218560                                {product} {ergonomic}
   size_t MaxNewSize                               = 2554331136                                {product} {ergonomic}
   size_t MinHeapDeltaBytes                        = 1048576                                   {product} {ergonomic}
    uintx NonNMethodCodeHeapSize                   = 5836300                                {pd product} {ergonomic}
    uintx NonProfiledCodeHeapSize                  = 122910970                              {pd product} {ergonomic}
    uintx ProfiledCodeHeapSize                     = 122910970                              {pd product} {ergonomic}
    uintx ReservedCodeCacheSize                    = 251658240                              {pd product} {ergonomic}
     bool SegmentedCodeCache                       = true                                      {product} {ergonomic}
     bool UseCompressedClassPointers               = true                                 {lp64_product} {ergonomic}
     bool UseCompressedOops                        = true                                 {lp64_product} {ergonomic}
     bool UseG1GC                                  = true                                      {product} {ergonomic}
     bool UseLargePagesIndividualAllocation        = false                                  {pd product} {ergonomic}

Logging:
Log output configuration:
 #0: stdout all=warning uptime,level,tags
 #1: stderr all=off uptime,level,tags

Environment Variables:
PATH=C:\Program Files\AdoptOpenJDK\jdk-11.0.8.10-hotspot\bin;C:\Program Files (x86)\Common Files\Oracle\Java\javapath;C:\Program Files (x86)\Common Files\Intel\Shared Libraries\redist\intel64\compiler;C:\windows\system32;C:\windows;C:\windows\System32\Wbem;C:\windows\System32\WindowsPowerShell\v1.0\;C:\windows\System32\OpenSSH\;C:\Program Files (x86)\NVIDIA Corporation\PhysX\Common;C:\Program Files\NVIDIA Corporation\NVIDIA NvDLISR;C:\Program Files\dotnet\;C:\Program Files (x86)\QT Lite\QTSystem;C:\Program Files\PuTTY\;C:\Program Files (x86)\Windows Live\Shared;C:\Program Files (x86)\Microsoft SQL Server\150\DTS\Binn\;C:\Program Files\Microsoft SQL Server\Client SDK\ODBC\130\Tools\Binn\;C:\Program Files (x86)\Microsoft SQL Server\140\Tools\Binn\;C:\Program Files\Microsoft SQL Server\140\Tools\Binn\;C:\Program Files\Microsoft SQL Server\140\DTS\Binn\;C:\WINDOWS\system32;C:\WINDOWS;C:\WINDOWS\System32\Wbem;C:\WINDOWS\System32\WindowsPowerShell\v1.0\;C:\WINDOWS\System32\OpenSSH\;C:\Program Files\Microsoft SQL Server\130\Tools\Binn\;C:\Program Files\Microsoft SQL Server\Client SDK\ODBC\170\Tools\Binn\;C:\Program Files\MongoDB\Server\4.4\bin;C:\Program Files\Git\cmd;C:\Users\sbrij\AppData\Local\Microsoft\WindowsApps;C:\Users\sbrij\AppData\Local\GitHubDesktop\bin;C:\Users\sbrij\AppData\Local\Microsoft\WindowsApps;C:\Users\sbrij\.dotnet\tools
USERNAME=sbrij
OS=Windows_NT
PROCESSOR_IDENTIFIER=Intel64 Family 6 Model 158 Stepping 10, GenuineIntel



---------------  S Y S T E M  ---------------

OS: Windows 10 , 64 bit Build 18362 (10.0.18362.1110)
OS uptime: 0 days 3:32 hours

CPU:total 12 (initial active 12) (6 cores per cpu, 2 threads per core) family 6 model 158 stepping 10, cmov, cx8, fxsr, mmx, sse, sse2, sse3, ssse3, sse4.1, sse4.2, popcnt, avx, avx2, aes, clmul, erms, 3dnowpref, lzcnt, ht, tsc, tscinvbit, bmi1, bmi2, adx, fma

Memory: 4k page, system-wide physical 16233M (8161M free)
TotalPageFile size 31081M (AvailPageFile size 18114M)
current process WorkingSet (physical memory assigned to process): 195M, peak: 231M
current process commit charge ("private bytes"): 445M, peak: 515M

vm_info: OpenJDK 64-Bit Server VM (11.0.8+10) for windows-amd64 JRE (11.0.8+10), built on Jul 15 2020 11:45:54 by "" with MS VC++ 15.9 (VS2017)

END.
